Log file open, 05/09/22 09:12:34
LogWindows: Failed to load 'aqProf.dll' (GetLastError=126)
LogWindows: File 'aqProf.dll' does not exist
LogWindows: Failed to load 'VtuneApi.dll' (GetLastError=126)
LogWindows: File 'VtuneApi.dll' does not exist
LogWindows: Failed to load 'VtuneApi32e.dll' (GetLastError=126)
LogWindows: File 'VtuneApi32e.dll' does not exist
LogConsoleResponse: Display: Failed to find resolution value strings in scalability ini. Falling back to default.
LogConsoleResponse: Display: Failed to find resolution value strings in scalability ini. Falling back to default.
LogInit: Display: Running engine for game: MetaverseF
LogPlatformFile: Not using cached read wrapper
LogTaskGraph: Started task graph with 5 named threads and 23 total threads with 3 sets of task threads.
LogStats: Stats thread started at 0.204241
LogICUInternationalization: ICU TimeZone Detection - Raw Offset: +9:00, Platform Override: ''
LogInit: Display: Loading text-based GConfig....
LogPluginManager: Mounting plugin MeshPainting
LogPluginManager: Mounting plugin XGEController
LogPluginManager: Mounting plugin AISupport
LogPluginManager: Mounting plugin Paper2D
LogPluginManager: Mounting plugin EnvironmentQueryEditor
LogPluginManager: Mounting plugin LiveLink
LogPluginManager: Mounting plugin LightPropagationVolume
LogPluginManager: Mounting plugin CameraShakePreviewer
LogPluginManager: Mounting plugin GameplayCameras
LogPluginManager: Mounting plugin OodleData
LogPluginManager: Mounting plugin OodleNetwork
LogPluginManager: Mounting plugin AssetManagerEditor
LogPluginManager: Mounting plugin CryptoKeys
LogPluginManager: Mounting plugin CurveEditorTools
LogPluginManager: Mounting plugin DataValidation
LogPluginManager: Mounting plugin GameplayTagsEditor
LogPluginManager: Mounting plugin GeometryMode
LogPluginManager: Mounting plugin FacialAnimation
LogPluginManager: Mounting plugin MacGraphicsSwitching
LogPluginManager: Mounting plugin MaterialAnalyzer
LogPluginManager: Mounting plugin MobileLauncherProfileWizard
LogPluginManager: Mounting plugin PluginBrowser
LogPluginManager: Mounting plugin SpeedTreeImporter
LogPluginManager: Mounting plugin DatasmithContent
LogPluginManager: Mounting plugin Niagara
LogPluginManager: Mounting plugin AnimationSharing
LogPluginManager: Mounting plugin VariantManagerContent
LogPluginManager: Mounting plugin CodeLiteSourceCodeAccess
LogPluginManager: Mounting plugin CLionSourceCodeAccess
LogPluginManager: Mounting plugin GitSourceControl
LogPluginManager: Mounting plugin NullSourceCodeAccess
LogPluginManager: Mounting plugin PerforceSourceControl
LogPluginManager: Mounting plugin PixWinPlugin
LogPluginManager: Mounting plugin PlasticSourceControl
LogPluginManager: Mounting plugin PluginUtils
LogPluginManager: Mounting plugin KDevelopSourceCodeAccess
LogPluginManager: Mounting plugin PropertyAccessNode
LogPluginManager: Mounting plugin RiderSourceCodeAccess
LogPluginManager: Mounting plugin TextureFormatOodle
LogPluginManager: Mounting plugin SubversionSourceControl
LogPluginManager: Mounting plugin UObjectPlugin
LogPluginManager: Mounting plugin VisualStudioCodeSourceCodeAccess
LogPluginManager: Mounting plugin VisualStudioSourceCodeAccess
LogPluginManager: Mounting plugin XCodeSourceCodeAccess
LogPluginManager: Mounting plugin LuminPlatformFeatures
LogPluginManager: Mounting plugin TcpMessaging
LogPluginManager: Mounting plugin UdpMessaging
LogPluginManager: Mounting plugin MagicLeap
LogPluginManager: Mounting plugin MagicLeapLightEstimation
LogPluginManager: Mounting plugin MagicLeapMedia
LogPluginManager: Mounting plugin MagicLeapPassableWorld
LogPluginManager: Mounting plugin MLSDK
LogPluginManager: Mounting plugin AlembicImporter
LogPluginManager: Mounting plugin AutomationUtils
LogPluginManager: Mounting plugin BackChannel
LogPluginManager: Mounting plugin ChaosCloth
LogPluginManager: Mounting plugin ChaosClothEditor
LogPluginManager: Mounting plugin ChaosNiagara
LogPluginManager: Mounting plugin ChaosEditor
LogPluginManager: Mounting plugin ChaosSolverPlugin
LogPluginManager: Mounting plugin CharacterAI
LogPluginManager: Mounting plugin ActorSequence
LogPluginManager: Mounting plugin LevelSequenceEditor
LogPluginManager: Mounting plugin MatineeToLevelSequence
LogPluginManager: Mounting plugin GeometryCache
LogPluginManager: Mounting plugin GeometryCollectionPlugin
LogPluginManager: Mounting plugin TemplateSequence
LogPluginManager: Mounting plugin AndroidMedia
LogPluginManager: Mounting plugin AvfMedia
LogPluginManager: Mounting plugin ImgMedia
LogPluginManager: Mounting plugin MediaCompositing
LogPluginManager: Mounting plugin MediaPlayerEditor
LogPluginManager: Mounting plugin WebMMedia
LogPluginManager: Mounting plugin WmfMedia
LogPluginManager: Mounting plugin GeometryProcessing
LogPluginManager: Mounting plugin MotoSynth
LogPluginManager: Mounting plugin OpenImageDenoise
LogPluginManager: Mounting plugin PlatformCrypto
LogPluginManager: Mounting plugin PlanarCut
LogPluginManager: Mounting plugin ProxyLODPlugin
LogPluginManager: Mounting plugin PythonScriptPlugin
LogPluginManager: Mounting plugin SkeletalReduction
LogPluginManager: Mounting plugin OnlineSubsystem
LogPluginManager: Mounting plugin OnlineSubsystemNull
LogPluginManager: Mounting plugin OnlineSubsystemUtils
LogPluginManager: Mounting plugin LauncherChunkInstaller
LogPluginManager: Mounting plugin ActorLayerUtilities
LogPluginManager: Mounting plugin AndroidDeviceProfileSelector
LogPluginManager: Mounting plugin AndroidMoviePlayer
LogPluginManager: Mounting plugin AndroidPermission
LogPluginManager: Mounting plugin AppleImageUtils
LogPluginManager: Mounting plugin AppleMoviePlayer
LogPluginManager: Mounting plugin ArchVisCharacter
LogPluginManager: Mounting plugin AssetTags
LogPluginManager: Mounting plugin AudioCapture
LogPluginManager: Mounting plugin AudioSynesthesia
LogPluginManager: Mounting plugin CableComponent
LogPluginManager: Mounting plugin ChunkDownloader
LogPluginManager: Mounting plugin CustomMeshComponent
LogPluginManager: Mounting plugin EditableMesh
LogPluginManager: Mounting plugin ExampleDeviceProfileSelector
LogPluginManager: Mounting plugin GooglePAD
LogPluginManager: Mounting plugin GoogleCloudMessaging
LogPluginManager: Mounting plugin ScreenshotTools
LogPluginManager: Mounting plugin IOSDeviceProfileSelector
LogPluginManager: Mounting plugin LinuxDeviceProfileSelector
LogPluginManager: Mounting plugin LocationServicesBPLibrary
LogPluginManager: Mounting plugin MobilePatchingUtils
LogPluginManager: Mounting plugin OpenXR
LogPluginManager: Mounting plugin OpenXRHandTracking
LogPluginManager: Mounting plugin OpenXREyeTracker
LogPluginManager: Mounting plugin PhysXVehicles
LogPluginManager: Mounting plugin Takes
LogPluginManager: Mounting plugin PostSplashScreen
LogPluginManager: Mounting plugin ProceduralMeshComponent
LogPluginManager: Mounting plugin PropertyAccessEditor
LogPluginManager: Mounting plugin RuntimePhysXCooking
LogPluginManager: Mounting plugin SignificanceManager
LogPluginManager: Mounting plugin SoundFields
LogPluginManager: Mounting plugin Synthesis
LogPluginManager: Mounting plugin WebMMoviePlayer
LogPluginManager: Mounting plugin WindowsMoviePlayer
LogPluginManager: Mounting plugin ContentBrowserAssetDataSource
LogPluginManager: Mounting plugin ContentBrowserClassDataSource
LogPluginManager: Mounting plugin ContentBrowserFileDataSource
LogPluginManager: Mounting plugin OnlineSubsystemGooglePlay
LogPluginManager: Mounting plugin OnlineSubsystemIOS
LogPluginManager: Mounting plugin OculusVR
LogPluginManager: Mounting plugin SteamVR
PixWinPlugin: PIX capture plugin failed to initialize! Check that the process is launched from PIX.
LogInit: Using libcurl 7.55.1-DEV
LogInit:  - built for x86_64-pc-win32
LogInit:  - supports SSL with OpenSSL/1.1.1
LogInit:  - supports HTTP deflate (compression) using libz 1.2.8
LogInit:  - other features:
LogInit:      CURL_VERSION_SSL
LogInit:      CURL_VERSION_LIBZ
LogInit:      CURL_VERSION_IPV6
LogInit:      CURL_VERSION_ASYNCHDNS
LogInit:      CURL_VERSION_LARGEFILE
LogInit:      CURL_VERSION_IDN
LogInit:  CurlRequestOptions (configurable via config and command line):
LogInit:  - bVerifyPeer = true  - Libcurl will verify peer certificate
LogInit:  - bUseHttpProxy = false  - Libcurl will NOT use HTTP proxy
LogInit:  - bDontReuseConnections = false  - Libcurl will reuse connections
LogInit:  - MaxHostConnections = 16  - Libcurl will limit the number of connections to a host
LogInit:  - LocalHostAddr = Default
LogInit:  - BufferSize = 65536
LogOnline: OSS: Creating online subsystem instance for: NULL
LogInit: WinSock: version 1.1 (2.2), MaxSocks=32767, MaxUdp=65467
LogOnline: OSS: TryLoadSubsystemAndSetDefault: Loaded subsystem for module [NULL]
LogOculusPluginWrapper: OculusPlugin initialized successfully
LogHMD: Failed initializing OVRPlugin 1.59.0
LogInit: Build: ++UE4+Release-4.27-CL-18319896
LogInit: Engine Version: 4.27.2-18319896+++UE4+Release-4.27
LogInit: Compatible Engine Version: 4.27.0-17155196+++UE4+Release-4.27
LogInit: Net CL: 17155196
LogInit: OS: Windows 10 (Release 2009) (), CPU: Intel(R) Core(TM) i5-10300H CPU @ 2.50GHz, GPU: Intel(R) UHD Graphics
LogInit: Compiled (64-bit): Nov 30 2021 07:12:08
LogInit: Compiled with Visual C++: 19.24.28315.00
LogInit: Build Configuration: Development
LogInit: Branch Name: ++UE4+Release-4.27
LogInit: Command Line: 
LogInit: Base Directory: C:/Program Files/Epic Games/UE_4.27/Engine/Binaries/Win64/
LogInit: Allocator: TBB
LogInit: Installed Engine Build: 1
LogDevObjectVersion: Number of dev versions registered: 29
LogDevObjectVersion:   Dev-Blueprints (B0D832E4-1F89-4F0D-ACCF-7EB736FD4AA2): 10
LogDevObjectVersion:   Dev-Build (E1C64328-A22C-4D53-A36C-8E866417BD8C): 0
LogDevObjectVersion:   Dev-Core (375EC13C-06E4-48FB-B500-84F0262A717E): 4
LogDevObjectVersion:   Dev-Editor (E4B068ED-F494-42E9-A231-DA0B2E46BB41): 40
LogDevObjectVersion:   Dev-Framework (CFFC743F-43B0-4480-9391-14DF171D2073): 37
LogDevObjectVersion:   Dev-Mobile (B02B49B5-BB20-44E9-A304-32B752E40360): 3
LogDevObjectVersion:   Dev-Networking (A4E4105C-59A1-49B5-A7C5-40C4547EDFEE): 0
LogDevObjectVersion:   Dev-Online (39C831C9-5AE6-47DC-9A44-9C173E1C8E7C): 0
LogDevObjectVersion:   Dev-Physics (78F01B33-EBEA-4F98-B9B4-84EACCB95AA2): 14
LogDevObjectVersion:   Dev-Platform (6631380F-2D4D-43E0-8009-CF276956A95A): 0
LogDevObjectVersion:   Dev-Rendering (12F88B9F-8875-4AFC-A67C-D90C383ABD29): 45
LogDevObjectVersion:   Dev-Sequencer (7B5AE74C-D270-4C10-A958-57980B212A5A): 13
LogDevObjectVersion:   Dev-VR (D7296918-1DD6-4BDD-9DE2-64A83CC13884): 3
LogDevObjectVersion:   Dev-LoadTimes (C2A15278-BFE7-4AFE-6C17-90FF531DF755): 1
LogDevObjectVersion:   Private-Geometry (6EACA3D4-40EC-4CC1-B786-8BED09428FC5): 3
LogDevObjectVersion:   Dev-AnimPhys (29E575DD-E0A3-4627-9D10-D276232CDCEA): 17
LogDevObjectVersion:   Dev-Anim (AF43A65D-7FD3-4947-9873-3E8ED9C1BB05): 15
LogDevObjectVersion:   Dev-ReflectionCapture (6B266CEC-1EC7-4B8F-A30B-E4D90942FC07): 1
LogDevObjectVersion:   Dev-Automation (0DF73D61-A23F-47EA-B727-89E90C41499A): 1
LogDevObjectVersion:   FortniteMain (601D1886-AC64-4F84-AA16-D3DE0DEAC7D6): 47
LogDevObjectVersion:   FortniteRelease (E7086368-6B23-4C58-8439-1B7016265E91): 1
LogDevObjectVersion:   Dev-Enterprise (9DFFBCD6-494F-0158-E221-12823C92A888): 10
LogDevObjectVersion:   Dev-Niagara (F2AED0AC-9AFE-416F-8664-AA7FFA26D6FC): 1
LogDevObjectVersion:   Dev-Destruction (174F1F0B-B4C6-45A5-B13F-2EE8D0FB917D): 10
LogDevObjectVersion:   Dev-Physics-Ext (35F94A83-E258-406C-A318-09F59610247C): 41
LogDevObjectVersion:   Dev-PhysicsMaterial-Chaos (B68FC16E-8B1B-42E2-B453-215C058844FE): 1
LogDevObjectVersion:   Dev-CineCamera (B2E18506-4273-CFC2-A54E-F4BB758BBA07): 1
LogDevObjectVersion:   Dev-VirtualProduction (64F58936-FD1B-42BA-BA96-7289D5D0FA4E): 1
LogDevObjectVersion:   Dev-MediaFramework (6F0ED827-A609-4895-9C91-998D90180EA4): 2
LogInit: Presizing for max 25165824 objects, including 0 objects not considered by GC, pre-allocating 0 bytes for permanent pool.
LogConfig: Applying CVar settings from Section [/Script/Engine.StreamingSettings] File [E:/Unreal/MetaverseF/Saved/Config/Windows/Engine.ini]
LogConfig: Setting CVar [[s.MinBulkDataSizeForAsyncLoading:131072]]
LogConfig: Setting CVar [[s.AsyncLoadingThreadEnabled:0]]
LogConfig: Setting CVar [[s.EventDrivenLoaderEnabled:1]]
LogConfig: Setting CVar [[s.WarnIfTimeLimitExceeded:0]]
LogConfig: Setting CVar [[s.TimeLimitExceededMultiplier:1.5]]
LogConfig: Setting CVar [[s.TimeLimitExceededMinTime:0.005]]
LogConfig: Setting CVar [[s.UseBackgroundLevelStreaming:1]]
LogConfig: Setting CVar [[s.PriorityAsyncLoadingExtraTime:15.0]]
LogConfig: Setting CVar [[s.LevelStreamingActorsUpdateTimeLimit:5.0]]
LogConfig: Setting CVar [[s.PriorityLevelStreamingActorsUpdateExtraTime:5.0]]
LogConfig: Setting CVar [[s.LevelStreamingComponentsRegistrationGranularity:10]]
LogConfig: Setting CVar [[s.UnregisterComponentsTimeLimit:1.0]]
LogConfig: Setting CVar [[s.LevelStreamingComponentsUnregistrationGranularity:5]]
LogConfig: Setting CVar [[s.FlushStreamingOnExit:1]]
LogInit: Object subsystem initialized
LogConfig: Setting CVar [[con.DebugEarlyDefault:1]]
LogConfig: Setting CVar [[r.setres:1280x720]]
[2022.05.09-00.12.35:649][  0]LogConfig: Setting CVar [[r.VSync:0]]
[2022.05.09-00.12.35:649][  0]LogConfig: Setting CVar [[r.RHICmdBypass:0]]
[2022.05.09-00.12.35:649][  0]LogConfig: Applying CVar settings from Section [/Script/Engine.RendererSettings] File [E:/Unreal/MetaverseF/Saved/Config/Windows/Engine.ini]
[2022.05.09-00.12.35:649][  0]LogConfig: Setting CVar [[r.GPUCrashDebugging:0]]
[2022.05.09-00.12.35:649][  0]LogConfig: Applying CVar settings from Section [/Script/Engine.RendererOverrideSettings] File [E:/Unreal/MetaverseF/Saved/Config/Windows/Engine.ini]
[2022.05.09-00.12.35:649][  0]LogConfig: Applying CVar settings from Section [/Script/Engine.StreamingSettings] File [E:/Unreal/MetaverseF/Saved/Config/Windows/Engine.ini]
[2022.05.09-00.12.35:649][  0]LogConfig: Setting CVar [[s.MinBulkDataSizeForAsyncLoading:131072]]
[2022.05.09-00.12.35:649][  0]LogConfig: Setting CVar [[s.AsyncLoadingThreadEnabled:0]]
[2022.05.09-00.12.35:649][  0]LogConfig: Setting CVar [[s.EventDrivenLoaderEnabled:1]]
[2022.05.09-00.12.35:649][  0]LogConfig: Setting CVar [[s.WarnIfTimeLimitExceeded:0]]
[2022.05.09-00.12.35:649][  0]LogConfig: Setting CVar [[s.TimeLimitExceededMultiplier:1.5]]
[2022.05.09-00.12.35:649][  0]LogConfig: Setting CVar [[s.TimeLimitExceededMinTime:0.005]]
[2022.05.09-00.12.35:649][  0]LogConfig: Setting CVar [[s.UseBackgroundLevelStreaming:1]]
[2022.05.09-00.12.35:649][  0]LogConfig: Setting CVar [[s.PriorityAsyncLoadingExtraTime:15.0]]
[2022.05.09-00.12.35:649][  0]LogConfig: Setting CVar [[s.LevelStreamingActorsUpdateTimeLimit:5.0]]
[2022.05.09-00.12.35:649][  0]LogConfig: Setting CVar [[s.PriorityLevelStreamingActorsUpdateExtraTime:5.0]]
[2022.05.09-00.12.35:649][  0]LogConfig: Setting CVar [[s.LevelStreamingComponentsRegistrationGranularity:10]]
[2022.05.09-00.12.35:649][  0]LogConfig: Setting CVar [[s.UnregisterComponentsTimeLimit:1.0]]
[2022.05.09-00.12.35:649][  0]LogConfig: Setting CVar [[s.LevelStreamingComponentsUnregistrationGranularity:5]]
[2022.05.09-00.12.35:649][  0]LogConfig: Setting CVar [[s.FlushStreamingOnExit:1]]
[2022.05.09-00.12.35:649][  0]LogConfig: Applying CVar settings from Section [/Script/Engine.GarbageCollectionSettings] File [E:/Unreal/MetaverseF/Saved/Config/Windows/Engine.ini]
[2022.05.09-00.12.35:649][  0]LogConfig: Setting CVar [[gc.MaxObjectsNotConsideredByGC:1]]
[2022.05.09-00.12.35:649][  0]LogConfig: Setting CVar [[gc.SizeOfPermanentObjectPool:0]]
[2022.05.09-00.12.35:649][  0]LogConfig: Setting CVar [[gc.FlushStreamingOnGC:0]]
[2022.05.09-00.12.35:649][  0]LogConfig: Setting CVar [[gc.NumRetriesBeforeForcingGC:10]]
[2022.05.09-00.12.35:649][  0]LogConfig: Setting CVar [[gc.AllowParallelGC:1]]
[2022.05.09-00.12.35:649][  0]LogConfig: Setting CVar [[gc.TimeBetweenPurgingPendingKillObjects:61.1]]
[2022.05.09-00.12.35:649][  0]LogConfig: Setting CVar [[gc.MaxObjectsInEditor:25165824]]
[2022.05.09-00.12.35:649][  0]LogConfig: Setting CVar [[gc.IncrementalBeginDestroyEnabled:1]]
[2022.05.09-00.12.35:649][  0]LogConfig: Setting CVar [[gc.CreateGCClusters:1]]
[2022.05.09-00.12.35:650][  0]LogConfig: Setting CVar [[gc.MinGCClusterSize:5]]
[2022.05.09-00.12.35:650][  0]LogConfig: Setting CVar [[gc.ActorClusteringEnabled:0]]
[2022.05.09-00.12.35:650][  0]LogConfig: Setting CVar [[gc.BlueprintClusteringEnabled:0]]
[2022.05.09-00.12.35:650][  0]LogConfig: Setting CVar [[gc.UseDisregardForGCOnDedicatedServers:0]]
[2022.05.09-00.12.35:650][  0]LogConfig: Setting CVar [[gc.MultithreadedDestructionEnabled:1]]
[2022.05.09-00.12.35:650][  0]LogConfig: Applying CVar settings from Section [/Script/Engine.NetworkSettings] File [E:/Unreal/MetaverseF/Saved/Config/Windows/Engine.ini]
[2022.05.09-00.12.35:650][  0]LogConfig: Applying CVar settings from Section [/Script/UnrealEd.CookerSettings] File [E:/Unreal/MetaverseF/Saved/Config/Windows/Engine.ini]
[2022.05.09-00.12.35:653][  0]LogConfig: Applying CVar settings from Section [ViewDistanceQuality@3] File [E:/Unreal/MetaverseF/Saved/Config/Windows/Scalability.ini]
[2022.05.09-00.12.35:653][  0]LogConfig: Setting CVar [[r.SkeletalMeshLODBias:0]]
[2022.05.09-00.12.35:653][  0]LogConfig: Setting CVar [[r.ViewDistanceScale:1.0]]
[2022.05.09-00.12.35:653][  0]LogConfig: Applying CVar settings from Section [AntiAliasingQuality@3] File [E:/Unreal/MetaverseF/Saved/Config/Windows/Scalability.ini]
[2022.05.09-00.12.35:653][  0]LogConfig: Setting CVar [[r.PostProcessAAQuality:4]]
[2022.05.09-00.12.35:653][  0]LogConfig: Applying CVar settings from Section [ShadowQuality@3] File [E:/Unreal/MetaverseF/Saved/Config/Windows/Scalability.ini]
[2022.05.09-00.12.35:653][  0]LogConfig: Setting CVar [[r.LightFunctionQuality:1]]
[2022.05.09-00.12.35:653][  0]LogConfig: Setting CVar [[r.ShadowQuality:5]]
[2022.05.09-00.12.35:653][  0]LogConfig: Setting CVar [[r.Shadow.CSM.MaxCascades:10]]
[2022.05.09-00.12.35:653][  0]LogConfig: Setting CVar [[r.Shadow.MaxResolution:2048]]
[2022.05.09-00.12.35:653][  0]LogConfig: Setting CVar [[r.Shadow.MaxCSMResolution:2048]]
[2022.05.09-00.12.35:653][  0]LogConfig: Setting CVar [[r.Shadow.RadiusThreshold:0.01]]
[2022.05.09-00.12.35:653][  0]LogConfig: Setting CVar [[r.Shadow.DistanceScale:1.0]]
[2022.05.09-00.12.35:653][  0]LogConfig: Setting CVar [[r.Shadow.CSM.TransitionScale:1.0]]
[2022.05.09-00.12.35:653][  0]LogConfig: Setting CVar [[r.Shadow.PreShadowResolutionFactor:1.0]]
[2022.05.09-00.12.35:653][  0]LogConfig: Setting CVar [[r.DistanceFieldShadowing:1]]
[2022.05.09-00.12.35:653][  0]LogConfig: Setting CVar [[r.DistanceFieldAO:1]]
[2022.05.09-00.12.35:653][  0]LogConfig: Setting CVar [[r.AOQuality:2]]
[2022.05.09-00.12.35:653][  0]LogConfig: Setting CVar [[r.VolumetricFog:1]]
[2022.05.09-00.12.35:653][  0]LogConfig: Setting CVar [[r.VolumetricFog.GridPixelSize:8]]
[2022.05.09-00.12.35:653][  0]LogConfig: Setting CVar [[r.VolumetricFog.GridSizeZ:128]]
[2022.05.09-00.12.35:653][  0]LogConfig: Setting CVar [[r.VolumetricFog.HistoryMissSupersampleCount:4]]
[2022.05.09-00.12.35:653][  0]LogConfig: Setting CVar [[r.LightMaxDrawDistanceScale:1]]
[2022.05.09-00.12.35:653][  0]LogConfig: Setting CVar [[r.CapsuleShadows:1]]
[2022.05.09-00.12.35:653][  0]LogConfig: Applying CVar settings from Section [PostProcessQuality@3] File [E:/Unreal/MetaverseF/Saved/Config/Windows/Scalability.ini]
[2022.05.09-00.12.35:653][  0]LogConfig: Setting CVar [[r.MotionBlurQuality:4]]
[2022.05.09-00.12.35:653][  0]LogConfig: Setting CVar [[r.AmbientOcclusionMipLevelFactor:0.4]]
[2022.05.09-00.12.35:653][  0]LogConfig: Setting CVar [[r.AmbientOcclusionMaxQuality:100]]
[2022.05.09-00.12.35:653][  0]LogConfig: Setting CVar [[r.AmbientOcclusionLevels:-1]]
[2022.05.09-00.12.35:653][  0]LogConfig: Setting CVar [[r.AmbientOcclusionRadiusScale:1.0]]
[2022.05.09-00.12.35:653][  0]LogConfig: Setting CVar [[r.DepthOfFieldQuality:2]]
[2022.05.09-00.12.35:653][  0]LogConfig: Setting CVar [[r.RenderTargetPoolMin:400]]
[2022.05.09-00.12.35:653][  0]LogConfig: Setting CVar [[r.LensFlareQuality:2]]
[2022.05.09-00.12.35:653][  0]LogConfig: Setting CVar [[r.SceneColorFringeQuality:1]]
[2022.05.09-00.12.35:653][  0]LogConfig: Setting CVar [[r.EyeAdaptationQuality:2]]
[2022.05.09-00.12.35:653][  0]LogConfig: Setting CVar [[r.BloomQuality:5]]
[2022.05.09-00.12.35:653][  0]LogConfig: Setting CVar [[r.FastBlurThreshold:100]]
[2022.05.09-00.12.35:653][  0]LogConfig: Setting CVar [[r.Upscale.Quality:3]]
[2022.05.09-00.12.35:653][  0]LogConfig: Setting CVar [[r.Tonemapper.GrainQuantization:1]]
[2022.05.09-00.12.35:653][  0]LogConfig: Setting CVar [[r.LightShaftQuality:1]]
[2022.05.09-00.12.35:653][  0]LogConfig: Setting CVar [[r.Filter.SizeScale:1]]
[2022.05.09-00.12.35:653][  0]LogConfig: Setting CVar [[r.Tonemapper.Quality:5]]
[2022.05.09-00.12.35:653][  0]LogConfig: Setting CVar [[r.DOF.Gather.AccumulatorQuality:1        ; higher gathering accumulator quality]]
[2022.05.09-00.12.35:653][  0]LogConfig: Setting CVar [[r.DOF.Gather.PostfilterMethod:1          ; Median3x3 postfilering method]]
[2022.05.09-00.12.35:653][  0]LogConfig: Setting CVar [[r.DOF.Gather.EnableBokehSettings:0       ; no bokeh simulation when gathering]]
[2022.05.09-00.12.35:653][  0]LogConfig: Setting CVar [[r.DOF.Gather.RingCount:4                 ; medium number of samples when gathering]]
[2022.05.09-00.12.35:653][  0]LogConfig: Setting CVar [[r.DOF.Scatter.ForegroundCompositing:1    ; additive foreground scattering]]
[2022.05.09-00.12.35:653][  0]LogConfig: Setting CVar [[r.DOF.Scatter.BackgroundCompositing:2    ; additive background scattering]]
[2022.05.09-00.12.35:653][  0]LogConfig: Setting CVar [[r.DOF.Scatter.EnableBokehSettings:1      ; bokeh simulation when scattering]]
[2022.05.09-00.12.35:653][  0]LogConfig: Setting CVar [[r.DOF.Scatter.MaxSpriteRatio:0.1         ; only a maximum of 10% of scattered bokeh]]
[2022.05.09-00.12.35:653][  0]LogConfig: Setting CVar [[r.DOF.Recombine.Quality:1                ; cheap slight out of focus]]
[2022.05.09-00.12.35:653][  0]LogConfig: Setting CVar [[r.DOF.Recombine.EnableBokehSettings:0    ; no bokeh simulation on slight out of focus]]
[2022.05.09-00.12.35:653][  0]LogConfig: Setting CVar [[r.DOF.TemporalAAQuality:1                ; more stable temporal accumulation]]
[2022.05.09-00.12.35:653][  0]LogConfig: Setting CVar [[r.DOF.Kernel.MaxForegroundRadius:0.025]]
[2022.05.09-00.12.35:653][  0]LogConfig: Setting CVar [[r.DOF.Kernel.MaxBackgroundRadius:0.025]]
[2022.05.09-00.12.35:653][  0]LogConfig: Applying CVar settings from Section [TextureQuality@3] File [E:/Unreal/MetaverseF/Saved/Config/Windows/Scalability.ini]
[2022.05.09-00.12.35:653][  0]LogConfig: Setting CVar [[r.Streaming.MipBias:0]]
[2022.05.09-00.12.35:653][  0]LogConfig: Setting CVar [[r.Streaming.AmortizeCPUToGPUCopy:0]]
[2022.05.09-00.12.35:653][  0]LogConfig: Setting CVar [[r.Streaming.MaxNumTexturesToStreamPerFrame:0]]
[2022.05.09-00.12.35:654][  0]LogConfig: Setting CVar [[r.Streaming.Boost:1]]
[2022.05.09-00.12.35:654][  0]LogConfig: Setting CVar [[r.MaxAnisotropy:8]]
[2022.05.09-00.12.35:654][  0]LogConfig: Setting CVar [[r.VT.MaxAnisotropy:8]]
[2022.05.09-00.12.35:654][  0]LogConfig: Setting CVar [[r.Streaming.LimitPoolSizeToVRAM:0]]
[2022.05.09-00.12.35:654][  0]LogConfig: Setting CVar [[r.Streaming.PoolSize:1000]]
[2022.05.09-00.12.35:654][  0]LogConfig: Setting CVar [[r.Streaming.MaxEffectiveScreenSize:0]]
[2022.05.09-00.12.35:654][  0]LogConfig: Applying CVar settings from Section [EffectsQuality@3] File [E:/Unreal/MetaverseF/Saved/Config/Windows/Scalability.ini]
[2022.05.09-00.12.35:654][  0]LogConfig: Setting CVar [[r.TranslucencyLightingVolumeDim:64]]
[2022.05.09-00.12.35:654][  0]LogConfig: Setting CVar [[r.RefractionQuality:2]]
[2022.05.09-00.12.35:654][  0]LogConfig: Setting CVar [[r.SSR.Quality:3]]
[2022.05.09-00.12.35:654][  0]LogConfig: Setting CVar [[r.SSR.HalfResSceneColor:0]]
[2022.05.09-00.12.35:654][  0]LogConfig: Setting CVar [[r.SceneColorFormat:4]]
[2022.05.09-00.12.35:654][  0]LogConfig: Setting CVar [[r.DetailMode:2]]
[2022.05.09-00.12.35:654][  0]LogConfig: Setting CVar [[r.TranslucencyVolumeBlur:1]]
[2022.05.09-00.12.35:654][  0]LogConfig: Setting CVar [[r.MaterialQualityLevel:1 ; High quality]]
[2022.05.09-00.12.35:654][  0]LogConfig: Setting CVar [[r.AnisotropicMaterials:1]]
[2022.05.09-00.12.35:654][  0]LogConfig: Setting CVar [[r.SSS.Scale:1]]
[2022.05.09-00.12.35:654][  0]LogConfig: Setting CVar [[r.SSS.SampleSet:2]]
[2022.05.09-00.12.35:654][  0]LogConfig: Setting CVar [[r.SSS.Quality:1]]
[2022.05.09-00.12.35:654][  0]LogConfig: Setting CVar [[r.SSS.HalfRes:0]]
[2022.05.09-00.12.35:654][  0]LogConfig: Setting CVar [[r.SSGI.Quality:3]]
[2022.05.09-00.12.35:654][  0]LogConfig: Setting CVar [[r.EmitterSpawnRateScale:1.0]]
[2022.05.09-00.12.35:654][  0]LogConfig: Setting CVar [[r.ParticleLightQuality:2]]
[2022.05.09-00.12.35:654][  0]LogConfig: Setting CVar [[r.SkyAtmosphere.AerialPerspectiveLUT.FastApplyOnOpaque:1 ; Always have FastSkyLUT 1 in this case to avoid wrong sky]]
[2022.05.09-00.12.35:654][  0]LogConfig: Setting CVar [[r.SkyAtmosphere.AerialPerspectiveLUT.SampleCountMaxPerSlice:4]]
[2022.05.09-00.12.35:654][  0]LogConfig: Setting CVar [[r.SkyAtmosphere.AerialPerspectiveLUT.DepthResolution:16.0]]
[2022.05.09-00.12.35:654][  0]LogConfig: Setting CVar [[r.SkyAtmosphere.FastSkyLUT:1]]
[2022.05.09-00.12.35:654][  0]LogConfig: Setting CVar [[r.SkyAtmosphere.FastSkyLUT.SampleCountMin:4.0]]
[2022.05.09-00.12.35:654][  0]LogConfig: Setting CVar [[r.SkyAtmosphere.FastSkyLUT.SampleCountMax:128.0]]
[2022.05.09-00.12.35:654][  0]LogConfig: Setting CVar [[r.SkyAtmosphere.SampleCountMin:4.0]]
[2022.05.09-00.12.35:654][  0]LogConfig: Setting CVar [[r.SkyAtmosphere.SampleCountMax:128.0]]
[2022.05.09-00.12.35:654][  0]LogConfig: Setting CVar [[r.SkyAtmosphere.TransmittanceLUT.UseSmallFormat:0]]
[2022.05.09-00.12.35:654][  0]LogConfig: Setting CVar [[r.SkyAtmosphere.TransmittanceLUT.SampleCount:10.0]]
[2022.05.09-00.12.35:654][  0]LogConfig: Setting CVar [[r.SkyAtmosphere.MultiScatteringLUT.SampleCount:15.0]]
[2022.05.09-00.12.35:654][  0]LogConfig: Setting CVar [[r.SkyLight.RealTimeReflectionCapture:1]]
[2022.05.09-00.12.35:654][  0]LogConfig: Applying CVar settings from Section [FoliageQuality@3] File [E:/Unreal/MetaverseF/Saved/Config/Windows/Scalability.ini]
[2022.05.09-00.12.35:654][  0]LogConfig: Setting CVar [[foliage.DensityScale:1.0]]
[2022.05.09-00.12.35:654][  0]LogConfig: Setting CVar [[grass.DensityScale:1.0]]
[2022.05.09-00.12.35:654][  0]LogConfig: Applying CVar settings from Section [ShadingQuality@3] File [E:/Unreal/MetaverseF/Saved/Config/Windows/Scalability.ini]
[2022.05.09-00.12.35:654][  0]LogConfig: Setting CVar [[r.HairStrands.SkyLighting.IntegrationType:2]]
[2022.05.09-00.12.35:654][  0]LogConfig: Setting CVar [[r.HairStrands.SkyAO.SampleCount:4]]
[2022.05.09-00.12.35:654][  0]LogConfig: Setting CVar [[r.HairStrands.Visibility.MSAA.SamplePerPixel:4]]
[2022.05.09-00.12.35:654][  0]LogInit: Selected Device Profile: [Windows]
[2022.05.09-00.12.35:654][  0]LogInit: Applying CVar settings loaded from the selected device profile: [Windows]
[2022.05.09-00.12.35:654][  0]LogHAL: Display: Platform has ~ 8 GB [8399306752 / 8589934592 / 8], which maps to Default [LargestMinGB=32, LargerMinGB=12, DefaultMinGB=8, SmallerMinGB=6, SmallestMinGB=0)
[2022.05.09-00.12.35:654][  0]LogInit: Going up to parent DeviceProfile []
[2022.05.09-00.12.35:654][  0]LogConfig: Applying CVar settings from Section [ViewDistanceQuality@3] File [E:/Unreal/MetaverseF/Saved/Config/Windows/Scalability.ini]
[2022.05.09-00.12.35:654][  0]LogConfig: Setting CVar [[r.SkeletalMeshLODBias:0]]
[2022.05.09-00.12.35:654][  0]LogConfig: Setting CVar [[r.ViewDistanceScale:1.0]]
[2022.05.09-00.12.35:654][  0]LogConfig: Applying CVar settings from Section [AntiAliasingQuality@3] File [E:/Unreal/MetaverseF/Saved/Config/Windows/Scalability.ini]
[2022.05.09-00.12.35:654][  0]LogConfig: Setting CVar [[r.PostProcessAAQuality:4]]
[2022.05.09-00.12.35:654][  0]LogConfig: Applying CVar settings from Section [ShadowQuality@3] File [E:/Unreal/MetaverseF/Saved/Config/Windows/Scalability.ini]
[2022.05.09-00.12.35:654][  0]LogConfig: Setting CVar [[r.LightFunctionQuality:1]]
[2022.05.09-00.12.35:654][  0]LogConfig: Setting CVar [[r.ShadowQuality:5]]
[2022.05.09-00.12.35:654][  0]LogConfig: Setting CVar [[r.Shadow.CSM.MaxCascades:10]]
[2022.05.09-00.12.35:654][  0]LogConfig: Setting CVar [[r.Shadow.MaxResolution:2048]]
[2022.05.09-00.12.35:654][  0]LogConfig: Setting CVar [[r.Shadow.MaxCSMResolution:2048]]
[2022.05.09-00.12.35:654][  0]LogConfig: Setting CVar [[r.Shadow.RadiusThreshold:0.01]]
[2022.05.09-00.12.35:654][  0]LogConfig: Setting CVar [[r.Shadow.DistanceScale:1.0]]
[2022.05.09-00.12.35:654][  0]LogConfig: Setting CVar [[r.Shadow.CSM.TransitionScale:1.0]]
[2022.05.09-00.12.35:654][  0]LogConfig: Setting CVar [[r.Shadow.PreShadowResolutionFactor:1.0]]
[2022.05.09-00.12.35:654][  0]LogConfig: Setting CVar [[r.DistanceFieldShadowing:1]]
[2022.05.09-00.12.35:654][  0]LogConfig: Setting CVar [[r.DistanceFieldAO:1]]
[2022.05.09-00.12.35:654][  0]LogConfig: Setting CVar [[r.AOQuality:2]]
[2022.05.09-00.12.35:654][  0]LogConfig: Setting CVar [[r.VolumetricFog:1]]
[2022.05.09-00.12.35:654][  0]LogConfig: Setting CVar [[r.VolumetricFog.GridPixelSize:8]]
[2022.05.09-00.12.35:654][  0]LogConfig: Setting CVar [[r.VolumetricFog.GridSizeZ:128]]
[2022.05.09-00.12.35:654][  0]LogConfig: Setting CVar [[r.VolumetricFog.HistoryMissSupersampleCount:4]]
[2022.05.09-00.12.35:654][  0]LogConfig: Setting CVar [[r.LightMaxDrawDistanceScale:1]]
[2022.05.09-00.12.35:654][  0]LogConfig: Setting CVar [[r.CapsuleShadows:1]]
[2022.05.09-00.12.35:654][  0]LogConfig: Applying CVar settings from Section [PostProcessQuality@3] File [E:/Unreal/MetaverseF/Saved/Config/Windows/Scalability.ini]
[2022.05.09-00.12.35:654][  0]LogConfig: Setting CVar [[r.MotionBlurQuality:4]]
[2022.05.09-00.12.35:654][  0]LogConfig: Setting CVar [[r.AmbientOcclusionMipLevelFactor:0.4]]
[2022.05.09-00.12.35:654][  0]LogConfig: Setting CVar [[r.AmbientOcclusionMaxQuality:100]]
[2022.05.09-00.12.35:654][  0]LogConfig: Setting CVar [[r.AmbientOcclusionLevels:-1]]
[2022.05.09-00.12.35:654][  0]LogConfig: Setting CVar [[r.AmbientOcclusionRadiusScale:1.0]]
[2022.05.09-00.12.35:654][  0]LogConfig: Setting CVar [[r.DepthOfFieldQuality:2]]
[2022.05.09-00.12.35:654][  0]LogConfig: Setting CVar [[r.RenderTargetPoolMin:400]]
[2022.05.09-00.12.35:654][  0]LogConfig: Setting CVar [[r.LensFlareQuality:2]]
[2022.05.09-00.12.35:654][  0]LogConfig: Setting CVar [[r.SceneColorFringeQuality:1]]
[2022.05.09-00.12.35:654][  0]LogConfig: Setting CVar [[r.EyeAdaptationQuality:2]]
[2022.05.09-00.12.35:654][  0]LogConfig: Setting CVar [[r.BloomQuality:5]]
[2022.05.09-00.12.35:654][  0]LogConfig: Setting CVar [[r.FastBlurThreshold:100]]
[2022.05.09-00.12.35:654][  0]LogConfig: Setting CVar [[r.Upscale.Quality:3]]
[2022.05.09-00.12.35:654][  0]LogConfig: Setting CVar [[r.Tonemapper.GrainQuantization:1]]
[2022.05.09-00.12.35:654][  0]LogConfig: Setting CVar [[r.LightShaftQuality:1]]
[2022.05.09-00.12.35:654][  0]LogConfig: Setting CVar [[r.Filter.SizeScale:1]]
[2022.05.09-00.12.35:654][  0]LogConfig: Setting CVar [[r.Tonemapper.Quality:5]]
[2022.05.09-00.12.35:654][  0]LogConfig: Setting CVar [[r.DOF.Gather.AccumulatorQuality:1        ; higher gathering accumulator quality]]
[2022.05.09-00.12.35:654][  0]LogConfig: Setting CVar [[r.DOF.Gather.PostfilterMethod:1          ; Median3x3 postfilering method]]
[2022.05.09-00.12.35:654][  0]LogConfig: Setting CVar [[r.DOF.Gather.EnableBokehSettings:0       ; no bokeh simulation when gathering]]
[2022.05.09-00.12.35:654][  0]LogConfig: Setting CVar [[r.DOF.Gather.RingCount:4                 ; medium number of samples when gathering]]
[2022.05.09-00.12.35:654][  0]LogConfig: Setting CVar [[r.DOF.Scatter.ForegroundCompositing:1    ; additive foreground scattering]]
[2022.05.09-00.12.35:654][  0]LogConfig: Setting CVar [[r.DOF.Scatter.BackgroundCompositing:2    ; additive background scattering]]
[2022.05.09-00.12.35:654][  0]LogConfig: Setting CVar [[r.DOF.Scatter.EnableBokehSettings:1      ; bokeh simulation when scattering]]
[2022.05.09-00.12.35:654][  0]LogConfig: Setting CVar [[r.DOF.Scatter.MaxSpriteRatio:0.1         ; only a maximum of 10% of scattered bokeh]]
[2022.05.09-00.12.35:654][  0]LogConfig: Setting CVar [[r.DOF.Recombine.Quality:1                ; cheap slight out of focus]]
[2022.05.09-00.12.35:654][  0]LogConfig: Setting CVar [[r.DOF.Recombine.EnableBokehSettings:0    ; no bokeh simulation on slight out of focus]]
[2022.05.09-00.12.35:655][  0]LogConfig: Setting CVar [[r.DOF.TemporalAAQuality:1                ; more stable temporal accumulation]]
[2022.05.09-00.12.35:655][  0]LogConfig: Setting CVar [[r.DOF.Kernel.MaxForegroundRadius:0.025]]
[2022.05.09-00.12.35:655][  0]LogConfig: Setting CVar [[r.DOF.Kernel.MaxBackgroundRadius:0.025]]
[2022.05.09-00.12.35:655][  0]LogConfig: Applying CVar settings from Section [TextureQuality@3] File [E:/Unreal/MetaverseF/Saved/Config/Windows/Scalability.ini]
[2022.05.09-00.12.35:655][  0]LogConfig: Setting CVar [[r.Streaming.MipBias:0]]
[2022.05.09-00.12.35:655][  0]LogConfig: Setting CVar [[r.Streaming.AmortizeCPUToGPUCopy:0]]
[2022.05.09-00.12.35:655][  0]LogConfig: Setting CVar [[r.Streaming.MaxNumTexturesToStreamPerFrame:0]]
[2022.05.09-00.12.35:655][  0]LogConfig: Setting CVar [[r.Streaming.Boost:1]]
[2022.05.09-00.12.35:655][  0]LogConfig: Setting CVar [[r.MaxAnisotropy:8]]
[2022.05.09-00.12.35:655][  0]LogConfig: Setting CVar [[r.VT.MaxAnisotropy:8]]
[2022.05.09-00.12.35:655][  0]LogConfig: Setting CVar [[r.Streaming.LimitPoolSizeToVRAM:0]]
[2022.05.09-00.12.35:655][  0]LogConfig: Setting CVar [[r.Streaming.PoolSize:1000]]
[2022.05.09-00.12.35:655][  0]LogConfig: Setting CVar [[r.Streaming.MaxEffectiveScreenSize:0]]
[2022.05.09-00.12.35:655][  0]LogConfig: Applying CVar settings from Section [EffectsQuality@3] File [E:/Unreal/MetaverseF/Saved/Config/Windows/Scalability.ini]
[2022.05.09-00.12.35:655][  0]LogConfig: Setting CVar [[r.TranslucencyLightingVolumeDim:64]]
[2022.05.09-00.12.35:655][  0]LogConfig: Setting CVar [[r.RefractionQuality:2]]
[2022.05.09-00.12.35:655][  0]LogConfig: Setting CVar [[r.SSR.Quality:3]]
[2022.05.09-00.12.35:655][  0]LogConfig: Setting CVar [[r.SSR.HalfResSceneColor:0]]
[2022.05.09-00.12.35:655][  0]LogConfig: Setting CVar [[r.SceneColorFormat:4]]
[2022.05.09-00.12.35:655][  0]LogConfig: Setting CVar [[r.DetailMode:2]]
[2022.05.09-00.12.35:655][  0]LogConfig: Setting CVar [[r.TranslucencyVolumeBlur:1]]
[2022.05.09-00.12.35:655][  0]LogConfig: Setting CVar [[r.MaterialQualityLevel:1 ; High quality]]
[2022.05.09-00.12.35:655][  0]LogConfig: Setting CVar [[r.AnisotropicMaterials:1]]
[2022.05.09-00.12.35:655][  0]LogConfig: Setting CVar [[r.SSS.Scale:1]]
[2022.05.09-00.12.35:655][  0]LogConfig: Setting CVar [[r.SSS.SampleSet:2]]
[2022.05.09-00.12.35:655][  0]LogConfig: Setting CVar [[r.SSS.Quality:1]]
[2022.05.09-00.12.35:655][  0]LogConfig: Setting CVar [[r.SSS.HalfRes:0]]
[2022.05.09-00.12.35:655][  0]LogConfig: Setting CVar [[r.SSGI.Quality:3]]
[2022.05.09-00.12.35:655][  0]LogConfig: Setting CVar [[r.EmitterSpawnRateScale:1.0]]
[2022.05.09-00.12.35:655][  0]LogConfig: Setting CVar [[r.ParticleLightQuality:2]]
[2022.05.09-00.12.35:655][  0]LogConfig: Setting CVar [[r.SkyAtmosphere.AerialPerspectiveLUT.FastApplyOnOpaque:1 ; Always have FastSkyLUT 1 in this case to avoid wrong sky]]
[2022.05.09-00.12.35:655][  0]LogConfig: Setting CVar [[r.SkyAtmosphere.AerialPerspectiveLUT.SampleCountMaxPerSlice:4]]
[2022.05.09-00.12.35:655][  0]LogConfig: Setting CVar [[r.SkyAtmosphere.AerialPerspectiveLUT.DepthResolution:16.0]]
[2022.05.09-00.12.35:655][  0]LogConfig: Setting CVar [[r.SkyAtmosphere.FastSkyLUT:1]]
[2022.05.09-00.12.35:655][  0]LogConfig: Setting CVar [[r.SkyAtmosphere.FastSkyLUT.SampleCountMin:4.0]]
[2022.05.09-00.12.35:655][  0]LogConfig: Setting CVar [[r.SkyAtmosphere.FastSkyLUT.SampleCountMax:128.0]]
[2022.05.09-00.12.35:655][  0]LogConfig: Setting CVar [[r.SkyAtmosphere.SampleCountMin:4.0]]
[2022.05.09-00.12.35:655][  0]LogConfig: Setting CVar [[r.SkyAtmosphere.SampleCountMax:128.0]]
[2022.05.09-00.12.35:655][  0]LogConfig: Setting CVar [[r.SkyAtmosphere.TransmittanceLUT.UseSmallFormat:0]]
[2022.05.09-00.12.35:655][  0]LogConfig: Setting CVar [[r.SkyAtmosphere.TransmittanceLUT.SampleCount:10.0]]
[2022.05.09-00.12.35:655][  0]LogConfig: Setting CVar [[r.SkyAtmosphere.MultiScatteringLUT.SampleCount:15.0]]
[2022.05.09-00.12.35:655][  0]LogConfig: Setting CVar [[r.SkyLight.RealTimeReflectionCapture:1]]
[2022.05.09-00.12.35:655][  0]LogConfig: Applying CVar settings from Section [FoliageQuality@3] File [E:/Unreal/MetaverseF/Saved/Config/Windows/Scalability.ini]
[2022.05.09-00.12.35:655][  0]LogConfig: Setting CVar [[foliage.DensityScale:1.0]]
[2022.05.09-00.12.35:655][  0]LogConfig: Setting CVar [[grass.DensityScale:1.0]]
[2022.05.09-00.12.35:655][  0]LogConfig: Applying CVar settings from Section [ShadingQuality@3] File [E:/Unreal/MetaverseF/Saved/Config/Windows/Scalability.ini]
[2022.05.09-00.12.35:655][  0]LogConfig: Setting CVar [[r.HairStrands.SkyLighting.IntegrationType:2]]
[2022.05.09-00.12.35:655][  0]LogConfig: Setting CVar [[r.HairStrands.SkyAO.SampleCount:4]]
[2022.05.09-00.12.35:655][  0]LogConfig: Setting CVar [[r.HairStrands.Visibility.MSAA.SamplePerPixel:4]]
[2022.05.09-00.12.35:655][  0]LogConfig: Applying CVar settings from Section [Startup] File [../../../Engine/Config/ConsoleVariables.ini]
[2022.05.09-00.12.35:655][  0]LogConfig: Setting CVar [[net.UseAdaptiveNetUpdateFrequency:0]]
[2022.05.09-00.12.35:655][  0]LogConfig: Setting CVar [[p.chaos.AllowCreatePhysxBodies:1]]
[2022.05.09-00.12.35:655][  0]LogConfig: Setting CVar [[fx.SkipVectorVMBackendOptimizations:1]]
[2022.05.09-00.12.35:655][  0]LogConfig: Applying CVar settings from Section [ConsoleVariables] File [E:/Unreal/MetaverseF/Saved/Config/Windows/Engine.ini]
[2022.05.09-00.12.35:655][  0]LogConfig: Applying CVar settings from Section [ConsoleVariables] File [E:/Unreal/MetaverseF/Saved/Config/Windows/Editor.ini]
[2022.05.09-00.12.35:656][  0]LogInit: Computer: DESKTOP-DG7QJIO
[2022.05.09-00.12.35:656][  0]LogInit: User: YGL
[2022.05.09-00.12.35:656][  0]LogInit: CPU Page size=4096, Cores=4
[2022.05.09-00.12.35:656][  0]LogInit: High frequency timer resolution =10.000000 MHz
[2022.05.09-00.12.35:656][  0]LogMemory: Memory total: Physical=7.8GB (8GB approx)
[2022.05.09-00.12.35:656][  0]LogMemory: Platform Memory Stats for Windows
[2022.05.09-00.12.35:656][  0]LogMemory: Process Physical Memory: 140.12 MB used, 140.13 MB peak
[2022.05.09-00.12.35:656][  0]LogMemory: Process Virtual Memory: 114.34 MB used, 114.34 MB peak
[2022.05.09-00.12.35:656][  0]LogMemory: Physical Memory: 3326.79 MB used,  4683.41 MB free, 8010.20 MB total
[2022.05.09-00.12.35:656][  0]LogMemory: Virtual Memory: 134189824.00 MB used,  27903.33 MB free, 134217728.00 MB total
[2022.05.09-00.12.35:657][  0]LogWindows: WindowsPlatformFeatures enabled
[2022.05.09-00.12.35:753][  0]LogInit: Physics initialised using underlying interface: PhysX
[2022.05.09-00.12.35:756][  0]LogInit: Using OS detected language (ko-KR).
[2022.05.09-00.12.35:756][  0]LogInit: Using OS detected locale (ko-KR).
[2022.05.09-00.12.35:779][  0]LogTextLocalizationManager: No specific localization for 'ko-KR' exists, so the 'ko' localization will be used.
[2022.05.09-00.12.35:948][  0]LogInit: Setting process to per monitor DPI aware
[2022.05.09-00.12.35:987][  0]LogWindowsTextInputMethodSystem: Display: IME system deactivated.
[2022.05.09-00.12.36:087][  0]LogSlate: New Slate User Created.  User Index 0, Is Virtual User: 0
[2022.05.09-00.12.36:087][  0]LogSlate: Slate User Registered.  User Index 0, Is Virtual User: 0
[2022.05.09-00.12.37:906][  0]LogD3D11RHI: Loaded GFSDK_Aftermath_Lib.x64.dll
[2022.05.09-00.12.37:920][  0]LogHMD: Failed to initialize OpenVR with code 110
[2022.05.09-00.12.37:920][  0]LogD3D11RHI: D3D11 min allowed feature level: 11_0
[2022.05.09-00.12.37:920][  0]LogD3D11RHI: D3D11 max allowed feature level: 11_0
[2022.05.09-00.12.37:920][  0]LogD3D11RHI: D3D11 adapters:
[2022.05.09-00.12.38:042][  0]LogD3D11RHI:    0. 'NVIDIA GeForce GTX 1650 with Max-Q Design' (Feature Level 11_0)
[2022.05.09-00.12.38:042][  0]LogD3D11RHI:       3962/0/4005 MB DedicatedVideo/DedicatedSystem/SharedSystem, Outputs:1, VendorId:0x10de
[2022.05.09-00.12.38:060][  0]LogD3D11RHI:    1. 'Intel(R) UHD Graphics' (Feature Level 11_0)
[2022.05.09-00.12.38:060][  0]LogD3D11RHI:       128/0/4005 MB DedicatedVideo/DedicatedSystem/SharedSystem, Outputs:0, VendorId:0x8086
[2022.05.09-00.12.38:062][  0]LogD3D11RHI:    2. 'Microsoft Basic Render Driver' (Feature Level 11_0)
[2022.05.09-00.12.38:062][  0]LogD3D11RHI:       0/0/4005 MB DedicatedVideo/DedicatedSystem/SharedSystem, Outputs:0, VendorId:0x1414
[2022.05.09-00.12.38:062][  0]LogD3D11RHI: Chosen D3D11 Adapter:
[2022.05.09-00.12.38:062][  0]LogD3D11RHI:     Description : NVIDIA GeForce GTX 1650 with Max-Q Design
[2022.05.09-00.12.38:062][  0]LogD3D11RHI:     VendorId    : 10de
[2022.05.09-00.12.38:062][  0]LogD3D11RHI:     DeviceId    : 1f99
[2022.05.09-00.12.38:062][  0]LogD3D11RHI:     SubSysId    : 12bd1462
[2022.05.09-00.12.38:062][  0]LogD3D11RHI:     Revision    : 00a1
[2022.05.09-00.12.38:062][  0]LogD3D11RHI:     DedicatedVideoMemory : 4154458112 bytes
[2022.05.09-00.12.38:062][  0]LogD3D11RHI:     DedicatedSystemMemory : 0 bytes
[2022.05.09-00.12.38:062][  0]LogD3D11RHI:     SharedSystemMemory : 4199653376 bytes
[2022.05.09-00.12.38:062][  0]LogD3D11RHI:     AdapterLuid : 0 58794
[2022.05.09-00.12.38:066][  0]LogD3D11RHI: Creating new Direct3DDevice
[2022.05.09-00.12.38:066][  0]LogD3D11RHI:     GPU DeviceId: 0x1f99 (for the marketing name, search the web for "GPU Device Id")
[2022.05.09-00.12.38:066][  0]LogWindows: EnumDisplayDevices:
[2022.05.09-00.12.38:066][  0]LogWindows:    0. 'Intel(R) UHD Graphics' (P:1 D:1)
[2022.05.09-00.12.38:067][  0]LogWindows:    1. 'Intel(R) UHD Graphics' (P:0 D:0)
[2022.05.09-00.12.38:067][  0]LogWindows:    2. 'Intel(R) UHD Graphics' (P:0 D:0)
[2022.05.09-00.12.38:067][  0]LogWindows: DebugString: PrimaryIsNotTheChoosenAdapter PrimaryIsNotTheChoosenAdapter PrimaryIsNotTheChoosenAdapter FoundDriverCount:0 
[2022.05.09-00.12.38:067][  0]LogD3D11RHI:     Adapter Name: NVIDIA GeForce GTX 1650 with Max-Q Design
[2022.05.09-00.12.38:067][  0]LogD3D11RHI:   Driver Version: Unknown (internal:Unknown, unified:Unknown)
[2022.05.09-00.12.38:067][  0]LogD3D11RHI:      Driver Date: Unknown
[2022.05.09-00.12.38:068][  0]LogRHI: Texture pool is 2773 MB (70% of 3962 MB)
[2022.05.09-00.12.38:068][  0]LogD3D11RHI: Creating D3DDevice using adapter:
[2022.05.09-00.12.38:068][  0]LogD3D11RHI:     Description : NVIDIA GeForce GTX 1650 with Max-Q Design
[2022.05.09-00.12.38:068][  0]LogD3D11RHI:     VendorId    : 10de
[2022.05.09-00.12.38:068][  0]LogD3D11RHI:     DeviceId    : 1f99
[2022.05.09-00.12.38:068][  0]LogD3D11RHI:     SubSysId    : 12bd1462
[2022.05.09-00.12.38:068][  0]LogD3D11RHI:     Revision    : 00a1
[2022.05.09-00.12.38:068][  0]LogD3D11RHI:     DedicatedVideoMemory : 4154458112 bytes
[2022.05.09-00.12.38:068][  0]LogD3D11RHI:     DedicatedSystemMemory : 0 bytes
[2022.05.09-00.12.38:068][  0]LogD3D11RHI:     SharedSystemMemory : 4199653376 bytes
[2022.05.09-00.12.38:068][  0]LogD3D11RHI:     AdapterLuid : 0 58794
[2022.05.09-00.12.38:238][  0]LogD3D11RHI: RHI has support for 64 bit atomics
[2022.05.09-00.12.38:240][  0]LogD3D11RHI: Async texture creation enabled
[2022.05.09-00.12.38:240][  0]LogD3D11RHI: Array index from any shader is supported
[2022.05.09-00.12.38:303][  0]LogD3D11RHI: GPU Timing Frequency: 1000.000000 (Debug: 2 2)
[2022.05.09-00.12.38:402][  0]LogRHI: GeForceNow SDK initialized: 1
[2022.05.09-00.12.38:769][  0]LogTargetPlatformManager: Display: Loaded TargetPlatform 'AllDesktop'
[2022.05.09-00.12.38:802][  0]LogTargetPlatformManager: Display: Loaded TargetPlatform 'Android'
[2022.05.09-00.12.38:802][  0]LogTargetPlatformManager: Display: Loaded TargetPlatform 'Android_ASTC'
[2022.05.09-00.12.38:802][  0]LogTargetPlatformManager: Display: Loaded TargetPlatform 'Android_DXT'
[2022.05.09-00.12.38:802][  0]LogTargetPlatformManager: Display: Loaded TargetPlatform 'Android_ETC2'
[2022.05.09-00.12.38:802][  0]LogTargetPlatformManager: Display: Loaded TargetPlatform 'AndroidClient'
[2022.05.09-00.12.38:802][  0]LogTargetPlatformManager: Display: Loaded TargetPlatform 'Android_ASTCClient'
[2022.05.09-00.12.38:802][  0]LogTargetPlatformManager: Display: Loaded TargetPlatform 'Android_DXTClient'
[2022.05.09-00.12.38:802][  0]LogTargetPlatformManager: Display: Loaded TargetPlatform 'Android_ETC2Client'
[2022.05.09-00.12.38:802][  0]LogTargetPlatformManager: Display: Loaded TargetPlatform 'Android_Multi'
[2022.05.09-00.12.38:802][  0]LogTargetPlatformManager: Display: Loaded TargetPlatform 'Android_MultiClient'
[2022.05.09-00.12.38:868][  0]LogTargetPlatformManager: Display: Loaded TargetPlatform 'IOSClient'
[2022.05.09-00.12.38:868][  0]LogTargetPlatformManager: Display: Loaded TargetPlatform 'IOS'
[2022.05.09-00.12.38:881][  0]LogTargetPlatformManager: Display: Loaded TargetPlatform 'Linux'
[2022.05.09-00.12.38:898][  0]LogTargetPlatformManager: Display: Loaded TargetPlatform 'LinuxNoEditor'
[2022.05.09-00.12.38:930][  0]LogTargetPlatformManager: Display: Loaded TargetPlatform 'LinuxClient'
[2022.05.09-00.12.38:934][  0]LogTargetPlatformManager: Display: Loaded TargetPlatform 'LinuxServer'
[2022.05.09-00.12.38:956][  0]LogTargetPlatformManager: Display: Loaded TargetPlatform 'LinuxAArch64NoEditor'
[2022.05.09-00.12.38:971][  0]LogTargetPlatformManager: Display: Loaded TargetPlatform 'LinuxAArch64Client'
[2022.05.09-00.12.38:987][  0]LogTargetPlatformManager: Display: Loaded TargetPlatform 'LinuxAArch64Server'
[2022.05.09-00.12.39:024][  0]LogTargetPlatformManager: Display: Loaded TargetPlatform 'Lumin'
[2022.05.09-00.12.39:024][  0]LogTargetPlatformManager: Display: Loaded TargetPlatform 'LuminClient'
[2022.05.09-00.12.39:043][  0]LogTargetPlatformManager: Display: Loaded TargetPlatform 'MacNoEditor'
[2022.05.09-00.12.39:059][  0]LogTargetPlatformManager: Display: Loaded TargetPlatform 'Mac'
[2022.05.09-00.12.39:073][  0]LogTargetPlatformManager: Display: Loaded TargetPlatform 'MacClient'
[2022.05.09-00.12.39:089][  0]LogTargetPlatformManager: Display: Loaded TargetPlatform 'MacServer'
[2022.05.09-00.12.39:110][  0]LogTargetPlatformManager: Display: Loaded TargetPlatform 'TVOSClient'
[2022.05.09-00.12.39:110][  0]LogTargetPlatformManager: Display: Loaded TargetPlatform 'TVOS'
[2022.05.09-00.12.39:131][  0]LogTargetPlatformManager: Display: Loaded TargetPlatform 'WindowsNoEditor'
[2022.05.09-00.12.39:148][  0]LogTargetPlatformManager: Display: Loaded TargetPlatform 'Windows'
[2022.05.09-00.12.39:165][  0]LogTargetPlatformManager: Display: Loaded TargetPlatform 'WindowsClient'
[2022.05.09-00.12.39:181][  0]LogTargetPlatformManager: Display: Loaded TargetPlatform 'WindowsServer'
[2022.05.09-00.12.39:181][  0]LogTargetPlatformManager: Display: Building Assets For Windows
[2022.05.09-00.12.39:249][  0]LogAudioDebug: Display: Lib vorbis DLL was dynamically loaded.
[2022.05.09-00.12.39:425][  0]LogTextureFormatOodle: Display: Oodle Texture 2.9.0 init RDO Off
[2022.05.09-00.12.39:686][  0]LogRendererCore: Ray tracing is disabled. Reason: r.RayTracing=0.
[2022.05.09-00.12.39:689][  0]LogShaderCompilers: Guid format shader working directory is 24 characters bigger than the processId version (E:/Unreal/MetaverseF/Intermediate/Shaders/WorkingDirectory/2628/).
[2022.05.09-00.12.39:689][  0]LogShaderCompilers: Cleaned the shader compiler working directory 'C:/Users/YGL/AppData/Local/Temp/UnrealShaderWorkingDir/2A1C88874918F6E79C25FB96715E808F/'.
[2022.05.09-00.12.39:689][  0]LogXGEController: Cannot use XGE Controller as Incredibuild is not installed on this machine.
[2022.05.09-00.12.39:689][  0]LogShaderCompilers: Cannot use XGE Shader Compiler as Incredibuild is not installed on this machine.
[2022.05.09-00.12.39:689][  0]LogShaderCompilers: Display: Using Local Shader Compiler.
[2022.05.09-00.12.41:934][  0]LogDerivedDataCache: Display: Max Cache Size: 512 MB
[2022.05.09-00.12.42:067][  0]LogDerivedDataCache: Loaded boot cache 0.13s 103MB C:/Users/YGL/AppData/Local/UnrealEngine/4.27/DerivedDataCache/Boot.ddc.
[2022.05.09-00.12.42:067][  0]LogDerivedDataCache: Display: Loaded Boot cache: C:/Users/YGL/AppData/Local/UnrealEngine/4.27/DerivedDataCache/Boot.ddc
[2022.05.09-00.12.42:068][  0]LogDerivedDataCache: FDerivedDataBackendGraph:  Pak pak cache file E:/Unreal/MetaverseF/DerivedDataCache/DDC.ddp not found, will not use a pak cache.
[2022.05.09-00.12.42:068][  0]LogDerivedDataCache: Unable to find inner node Pak for hierarchical cache Hierarchy.
[2022.05.09-00.12.42:068][  0]LogDerivedDataCache: FDerivedDataBackendGraph:  CompressedPak pak cache file E:/Unreal/MetaverseF/DerivedDataCache/Compressed.ddp not found, will not use a pak cache.
[2022.05.09-00.12.42:068][  0]LogDerivedDataCache: Unable to find inner node CompressedPak for hierarchical cache Hierarchy.
[2022.05.09-00.12.42:093][  0]LogDerivedDataCache: Display: Pak cache opened for reading ../../../Engine/DerivedDataCache/Compressed.ddp.
[2022.05.09-00.12.42:093][  0]LogDerivedDataCache: FDerivedDataBackendGraph:  EnterprisePak pak cache file ../../../Enterprise/DerivedDataCache/Compressed.ddp not found, will not use a pak cache.
[2022.05.09-00.12.42:093][  0]LogDerivedDataCache: Unable to find inner node EnterprisePak for hierarchical cache Hierarchy.
[2022.05.09-00.12.42:105][  0]LogDerivedDataCache: Speed tests for C:/Users/YGL/AppData/Local/UnrealEngine/Common/DerivedDataCache took 0.01 seconds
[2022.05.09-00.12.42:105][  0]LogDerivedDataCache: Display: Performance to C:/Users/YGL/AppData/Local/UnrealEngine/Common/DerivedDataCache: Latency=0.23ms. RandomReadSpeed=165.11MBs, RandomWriteSpeed=220.95MBs. Assigned SpeedClass 'Local'
[2022.05.09-00.12.42:106][  0]LogDerivedDataCache: Using Local data cache path C:/Users/YGL/AppData/Local/UnrealEngine/Common/DerivedDataCache: Writable
[2022.05.09-00.12.42:106][  0]LogDerivedDataCache: Shared data cache path not found in *engine.ini, will not use an Shared cache.
[2022.05.09-00.12.42:106][  0]LogDerivedDataCache: Unable to find inner node Shared for hierarchical cache Hierarchy.
[2022.05.09-00.12.42:159][  0]LogSlate: Using FreeType 2.10.0
[2022.05.09-00.12.42:167][  0]LogSlate: SlateFontServices - WITH_FREETYPE: 1, WITH_HARFBUZZ: 1
[2022.05.09-00.12.42:229][  0]LogAssetRegistry: FAssetRegistry took 0.0074 seconds to start up
[2022.05.09-00.12.42:703][  0]LogInit: Selected Device Profile: [Windows]
[2022.05.09-00.12.42:703][  0]LogInit: Active device profile: [000002A1F0AE9400][000002A1E9954B80 49] Windows
[2022.05.09-00.12.42:703][  0]LogInit: Profiles: [000002A1F0AE9400][000002A1E9954B80 49] Windows, [000002A1F0A97100][000002A1E995CD00 49] WindowsNoEditor, [000002A1F0AEA200][000002A1EEC0EE80 49] WindowsServer, [000002A1F0A97E00][000002A1EEC13000 49] WindowsClient, [000002A1F0AEAF00][000002A1EEC17180 49] IOS, [000002A1F0A95600][000002A1EEC1B300 49] iPadAir, [000002A1F0AEBC00][000002A1EEC1F480 49] iPadAir2, [000002A1F0A46600][000002A1EEC27740 49] IPadPro, [000002A1F0A46700][000002A1EEC23780 49] iPadAir3, [000002A1F0A94300][000002A1EEC2B900 49] iPadAir4, [000002A1F0A47500][000002A1EEC2FA80 49] iPadMini2, [000002A1F0A97500][000002A1EEC33C00 49] iPadMini3, [000002A1F0A46400][000002A1EEC36200 49] iPadMini4, [000002A1F0A96400][000002A1EEC3A380 49] iPadMini5, [000002A1F0A91F00][000002A1E9958600 49] iPhone6, [000002A1F0A92000][000002A1EEC3E640 49] iPodTouch6, [000002A1F0AEAD00][000002A1EEC46880 49] iPhone7, [000002A1F0AE9500][000002A1EEC428C0 49] iPodTouch7, [000002A1F0A47200][000002A1EEC4EA40 49] iPhone5S, [000002A1F0AEA000][000002A1EEC52BC0 49] iPhone6Plus, [000002A1F0A45200][000002A1EEC56D40 49] iPhone6S, [000002A1F0AEAB00][000002A1EEC5AEC0 49] iPhone6SPlus, [000002A1F0A44A00][000002A1EEC5F040 49] iPhone7Plus, [000002A1F0AE9100][000002A1EEC631C0 49] iPhoneSE, [000002A1F0A44800][000002A1EEC67340 49] iPhone8, [000002A1F0AEAC00][000002A1EEC6B4C0 49] iPhone8Plus, [000002A1F0A47100][000002A1EEC6F640 49] iPhoneX, [000002A1F0AE8F00][000002A1EEC737C0 49] iPhoneXS, [000002A1F0A46F00][000002A1EEC77940 49] iPhoneXSMax, [000002A1F0AEA900][000002A1EEC7BAC0 49] iPhoneXR, [000002A1F0A90400][000002A1E60AC0C0 49] iPhone11, [000002A1F0A45300][000002A1E60B0240 49] iPhone11Pro, [000002A1F0A90C00][000002A1E60B43C0 49] iPhone11ProMax, [000002A1F0A45B00][000002A1E60B8540 49] iPhoneSE2, [000002A1F0A91400][000002A1E60BC6C0 49] iPhone12Mini, [000002A1F0A46300][000002A1EEC4A800 49] iPhone12, [000002A1F0A91A00][000002A1E60C0940 49] iPhone12Pro, [000002A1F0A46100][000002A1E60C4A80 49] iPhone12ProMax, [000002A1F0A91D00][000002A1E60C8BC0 49] iPadPro105, [000002A1F0A45C00][000002A1E60D0D40 49] iPadPro129, [000002A1F0A93F00][000002A1E60D4EC0 49] iPadPro97, [000002A1F0A44400][000002A1E60D9040 49] iPadPro2_129, [000002A1F0AE9D00][000002A1E60DD1C0 49] iPad5, [000002A1F0A91E00][000002A1E60E1340 49] iPad6, [000002A1F0A45F00][000002A1E60E54C0 49] iPad7, [000002A1F0A90800][000002A1E60E9640 49] iPad8, [000002A1F0A47C00][000002A1E60ED7C0 49] iPadPro11, [000002A1F0A90900][000002A1E60F1940 49] iPadPro2_11, [000002A1F0A45400][000002A1E60F5AC0 49] iPadPro3_129, [000002A1F0A93500][000002A1E60F80C0 49] iPadPro4_129, [000002A1F0A44D00][000002A1E60FC240 49] AppleTV, [000002A1F0A91000][000002A1E61003C0 49] AppleTV4K, [000002A1F0A44100][000002A1E6104540 49] TVOS, [000002A1F0A90D00][000002A1E61086C0 49] Mac, [000002A1F0A47700][000002A1E610C840 49] MacClient, [000002A1F0A92400][000002A1E60CC980 49] MacNoEditor, [000002A1F0A45800][000002A1E6110AC0 49] MacServer, [000002A1F0A92D00][000002A1E6114C00 49] Linux, [000002A1F0A46500][000002A1E6118D40 49] LinuxAArch64, [000002A1F0A90B00][000002A1E6120EC0 49] LinuxNoEditor, [000002A1F0A47400][000002A1E6125040 49] LinuxAArch64NoEditor, [000002A1F0A91800][000002A1E61291C0 49] LinuxClient, [000002A1F0A44300][000002A1E612D340 49] LinuxAArch64Client, [000002A1F0A91200][000002A1E61314C0 49] LinuxServer, [000002A1F0A47000][000002A1E6135640 49] LinuxAArch64Server, [000002A1F0A92600][000002A1E61397C0 49] Android, [000002A1F0A45D00][000002A1E613D940 49] Android_Low, [000002A1F0A92900][000002A1E6141AC0 49] Android_Mid, [000002A1F0A45100][000002A1E61440C0 49] Android_High, [000002A1F0A90300][000002A1E6148240 49] Android_Default, [000002A1F0A44500][000002A1E614C3C0 49] Android_Adreno4xx, [000002A1F0A91900][000002A1E6150540 49] Android_Adreno5xx_Low, [000002A1F0A46900][000002A1E61546C0 49] Android_Adreno5xx, [000002A1F0A90A00][000002A1E6158840 49] Android_Adreno6xx, [000002A1F0A47A00][000002A1E615C9C0 49] Android_Adreno6xx_Vulkan, [000002A1F0A93B00][000002A1E6160B40 49] Android_Mali_T6xx, [000002A1F0A45600][000002A1E611CC80 49] Android_Mali_T7xx, [000002A1F0A91C00][000002A1E6164DC0 49] Android_Mali_T8xx, [000002A1F0A45A00][000002A1E6168F00 49] Android_Mali_G71, [000002A1F0A91100][000002A1E6171080 49] Android_Mali_G72, [000002A1F0A44900][000002A1E6175200 49] Android_Mali_G72_Vulkan, [000002A1F0A90F00][000002A1E6179380 49] Android_Mali_G76, [000002A1F0A46C00][000002A1E617D500 49] Android_Mali_G76_Vulkan, [000002A1F0A91300][000002A1E6181680 49] Android_Mali_G77, [000002A1F0A45000][000002A1E6185800 49] Android_Mali_G77_Vulkan, [000002A1F0A92A00][000002A1E6189980 49] Android_Mali_G78, [000002A1F0A44C00][000002A1E618DB00 49] Android_Mali_G78_Vulkan, [000002A1F0A92800][000002A1E6190100 49] Android_Mali_G710, [000002A1F0A44700][000002A1E6194280 49] Android_Mali_G710_Vulkan, [000002A1F0A96500][000002A1E6198400 49] Android_Vulkan_SM5, [000002A1F0AE8E00][000002A1E619C580 49] Android_PowerVR_G6xxx, [000002A1F0A94B00][000002A1E61A0700 49] Android_PowerVR_GT7xxx, [000002A1F0AE8400][000002A1E61A4880 49] Android_PowerVR_GE8xxx, [000002A1F0A97B00][000002A1E61A8A00 49] Android_PowerVR_GM9xxx, [000002A1F0AEBF00][000002A1E61ACB80 49] Android_PowerVR_GM9xxx_Vulkan, [000002A1F0A94D00][000002A1E61B0D00 49] Android_TegraK1, [000002A1F0AEAA00][000002A1E616CE40 49] Android_Unknown_Vulkan, [000002A1F0A95700][000002A1E61B4F80 49] Lumin, [000002A1F0AEB400][000002A1E61B90C0 49] Lumin_Desktop, [000002A1F0A94400][000002A1E61C1240 49] HoloLens, 
[2022.05.09-00.12.43:178][  0]LogMeshReduction: Using QuadricMeshReduction for automatic static mesh reduction
[2022.05.09-00.12.43:178][  0]LogMeshReduction: Using SimplygonMeshReduction for automatic skeletal mesh reduction
[2022.05.09-00.12.43:178][  0]LogMeshReduction: Using ProxyLODMeshReduction for automatic mesh merging
[2022.05.09-00.12.43:178][  0]LogMeshReduction: No distributed automatic mesh merging module available
[2022.05.09-00.12.43:180][  0]LogMeshMerging: No distributed automatic mesh merging module available
[2022.05.09-00.12.43:263][  0]LogNetVersion: MetaverseF 1.0.0, NetCL: 17155196, EngineNetVer: 17, GameNetVer: 0 (Checksum: 2585202284)
[2022.05.09-00.12.44:550][  0]LogTexture: Default maximum texture size for cubemaps generated from long-lat sources has been changed from 512 to unlimited. In order to preserve old behaiour for '/Engine/MapTemplates/Sky/DaylightAmbientCubemap.DaylightAmbientCubemap', its maximum texture size has been explicitly set to 512.
[2022.05.09-00.12.44:694][  0]LogHMD: PokeAHoleMaterial loaded successfully
[2022.05.09-00.12.44:703][  0]LogUObjectArray: 17178 objects as part of root set at end of initial load.
[2022.05.09-00.12.44:703][  0]LogUObjectAllocator: 4302048 out of 0 bytes used by permanent object pool.
[2022.05.09-00.12.44:703][  0]LogUObjectArray: CloseDisregardForGC: 0/0 objects in disregard for GC pool
[2022.05.09-00.12.45:919][  0]LogNiagaraDebuggerClient: Niagara Debugger Client Initialized | Session: 79158F924CD7013340762BB74D62A81E | Instance: 2A5D1CBA48FA3D303EB8B4AE4A0C4FC4 (DESKTOP-DG7QJIO-2628).
[2022.05.09-00.12.45:978][  0]LogTcpMessaging: Initializing TcpMessaging bridge
[2022.05.09-00.12.46:000][  0]LogUdpMessaging: Initializing bridge on interface 0.0.0.0:0 to multicast group 230.0.0.1:6666.
[2022.05.09-00.12.46:263][  0]LogPython: Using Python 3.7.7
[2022.05.09-00.12.47:695][  0]SourceControl: 소스 컨트롤이 꺼졌습니다.
[2022.05.09-00.12.47:695][  0]SourceControl: 소스 컨트롤이 꺼졌습니다.
[2022.05.09-00.12.47:695][  0]SourceControl: 소스 컨트롤이 꺼졌습니다.
[2022.05.09-00.12.47:696][  0]SourceControl: 소스 컨트롤이 꺼졌습니다.
[2022.05.09-00.12.47:698][  0]SourceControl: 소스 컨트롤이 꺼졌습니다.
[2022.05.09-00.12.47:700][  0]LogUProjectInfo: Found projects:
[2022.05.09-00.12.48:324][  0]LogOpenImageDenoise: OIDN starting up
[2022.05.09-00.12.48:386][  0]LogAndroidPermission: UAndroidPermissionCallbackProxy::GetInstance
[2022.05.09-00.12.48:502][  0]LogAudioCaptureCore: Display: No Audio Capture implementations found. Audio input will be silent.
[2022.05.09-00.12.48:502][  0]LogAudioCaptureCore: Display: No Audio Capture implementations found. Audio input will be silent.
[2022.05.09-00.12.49:002][  0]LogCollectionManager: Loaded 0 collections in 0.007480 seconds
[2022.05.09-00.12.49:063][  0]LogFileCache: Scanning file cache for directory 'E:/Unreal/MetaverseF/Saved/Collections/' took 0.00s
[2022.05.09-00.12.49:064][  0]LogFileCache: Scanning file cache for directory 'E:/Unreal/MetaverseF/Content/Developers/YGL/Collections/' took 0.00s
[2022.05.09-00.12.49:064][  0]LogFileCache: Scanning file cache for directory 'E:/Unreal/MetaverseF/Content/Collections/' took 0.00s
[2022.05.09-00.12.49:085][  0]LogOcInput: OculusInput pre-init called
[2022.05.09-00.12.49:580][  0]LogEngine: Initializing Engine...
[2022.05.09-00.12.49:613][  0]LogHMD: Failed to enumerate extensions. Please check that you have a valid OpenXR runtime installed.
[2022.05.09-00.12.49:614][  0]LogHMD: Failed to initialize OpenVR with code 110
[2022.05.09-00.12.49:614][  0]LogMagicLeap: Warning: VR disabled because ZI is not enabled.  To enable, in the editor, Edit -> Project Settings -> Plugins -> Magic Leap Plugin -> Enable Zero Iteration
[2022.05.09-00.12.49:618][  0]LogStats: UGameplayTagsManager::InitializeManager -  0.001 s
[2022.05.09-00.12.49:931][  0]LogInit: Initializing FReadOnlyCVARCache
[2022.05.09-00.12.49:985][  0]LogAIModule: Creating AISystem for world Untitled
[2022.05.09-00.12.49:991][  0]LogAudio: Display: Initializing Audio Device Manager...
[2022.05.09-00.12.50:006][  0]LogAudio: Display: Loading Default Audio Settings Objects...
[2022.05.09-00.12.50:010][  0]LogAudio: Display: No default SoundConcurrencyObject specified (or failed to load).
[2022.05.09-00.12.50:011][  0]LogAudio: Display: Audio Device Manager Initialized
[2022.05.09-00.12.50:011][  0]LogAudio: Display: Creating Audio Device:                 Id: 1, Scope: Shared, Realtime: True
[2022.05.09-00.12.50:012][  0]LogAudioMixer: Display: Audio Mixer Platform Settings:
[2022.05.09-00.12.50:012][  0]LogAudioMixer: Display: 	Sample Rate:						  48000
[2022.05.09-00.12.50:013][  0]LogAudioMixer: Display: 	Callback Buffer Frame Size Requested: 1024
[2022.05.09-00.12.50:013][  0]LogAudioMixer: Display: 	Callback Buffer Frame Size To Use:	  1024
[2022.05.09-00.12.50:013][  0]LogAudioMixer: Display: 	Number of buffers to queue:			  2
[2022.05.09-00.12.50:013][  0]LogAudioMixer: Display: 	Max Channels (voices):				  32
[2022.05.09-00.12.50:013][  0]LogAudioMixer: Display: 	Number of Async Source Workers:		  0
[2022.05.09-00.12.50:013][  0]LogAudio: Display: AudioDevice MaxSources: 32
[2022.05.09-00.12.50:014][  0]LogAudio: Display: Audio Spatialization Plugin: None (built-in).
[2022.05.09-00.12.50:014][  0]LogAudio: Display: Audio Reverb Plugin: None (built-in).
[2022.05.09-00.12.50:014][  0]LogAudio: Display: Audio Occlusion Plugin: None (built-in).
[2022.05.09-00.12.50:014][  0]LogAudioMixer: Display: Initializing audio mixer.
[2022.05.09-00.12.50:055][  0]LogAudioMixer: Display: 0: FrontLeft
[2022.05.09-00.12.50:055][  0]LogAudioMixer: Display: 1: FrontRight
[2022.05.09-00.12.50:755][  0]LogAudioMixer: Display: Using Audio Device 스피커(Realtek(R) Audio)
[2022.05.09-00.12.50:755][  0]LogAudioMixer: Display: Initializing Sound Submixes...
[2022.05.09-00.12.50:763][  0]LogAudioMixer: Display: Creating Master Submix 'MasterSubmixDefault'
[2022.05.09-00.12.50:763][  0]LogAudioMixer: Display: Creating Master Submix 'MasterReverbSubmixDefault'
[2022.05.09-00.12.50:764][  0]LogAudioMixer: Display: Creating Master Submix 'MasterEQSubmixDefault'
[2022.05.09-00.12.50:765][  0]LogAudioMixer: FMixerPlatformXAudio2::StartAudioStream() called
[2022.05.09-00.12.50:765][  0]LogAudioMixer: Display: Output buffers initialized: Frames=1024, Channels=2, Samples=2048
[2022.05.09-00.12.50:765][  0]LogAudioMixer: Display: Starting AudioMixerPlatformInterface::RunInternal()
[2022.05.09-00.12.50:765][  0]LogAudioMixer: Display: FMixerPlatformXAudio2::SubmitBuffer() called for the first time
[2022.05.09-00.12.50:765][  0]LogInit: FAudioDevice initialized.
[2022.05.09-00.12.50:766][  0]LogAudio: Display: Audio Device (ID: 1) registered with world 'Untitled'.
[2022.05.09-00.12.50:766][  0]LogNetVersion: Set ProjectVersion to 1.0.0.0. Version Checksum will be recalculated on next use.
[2022.05.09-00.12.50:773][  0]LogDerivedDataCache: Error: Could not save memory cache C:/Users/YGL/AppData/Local/UnrealEngine/4.27/DerivedDataCache/Boot.ddc.
[2022.05.09-00.12.50:774][  0]LogInit: Texture streaming: Enabled
[2022.05.09-00.12.50:842][  0]LogAnalytics: Display: [UEEditor.Rocket.Release] APIServer = https://datarouter.ol.epicgames.com/. AppVersion = 4.27.2-18319896+++UE4+Release-4.27
[2022.05.09-00.12.50:857][  0]LogEngineSessionManager: EngineSessionManager initialized
[2022.05.09-00.12.51:718][  0]LogInit: Transaction tracking system initialized
[2022.05.09-00.12.51:726][  0]BlueprintLog: New page: 에디터 로드
[2022.05.09-00.12.51:749][  0]LocalizationService: 현지화 서비스가 비활성화되었습니다.
[2022.05.09-00.12.51:802][  0]TimingProfiler: Initialize
[2022.05.09-00.12.51:802][  0]TimingProfiler: OnSessionChanged
[2022.05.09-00.12.51:802][  0]LoadingProfiler: Initialize
[2022.05.09-00.12.51:802][  0]LoadingProfiler: OnSessionChanged
[2022.05.09-00.12.51:802][  0]NetworkingProfiler: Initialize
[2022.05.09-00.12.51:802][  0]NetworkingProfiler: OnSessionChanged
[2022.05.09-00.12.51:802][  0]MemoryProfiler: Initialize
[2022.05.09-00.12.51:802][  0]MemoryProfiler: OnSessionChanged
[2022.05.09-00.12.52:074][  0]LogFileCache: Scanning file cache for directory 'E:/Unreal/MetaverseF/Content/' took 0.00s
[2022.05.09-00.12.52:074][  0]LogCook: Display: CookSettings for Memory: MemoryMaxUsedVirtual 0MiB, MemoryMaxUsedPhysical 16384MiB, MemoryMinFreeVirtual 0MiB, MemoryMinFreePhysical 1024MiB
[2022.05.09-00.12.52:074][  0]LogCook: Display: Mobile HDR setting 1
[2022.05.09-00.12.53:073][  0]LogInit: Display: Engine is initialized. Leaving FEngineLoop::Init()
[2022.05.09-00.12.53:079][  0]SourceControl: 소스 컨트롤이 꺼졌습니다.
[2022.05.09-00.12.53:079][  0]LogUnrealEdMisc: Loading editor; pre map load, took 18.629
[2022.05.09-00.12.53:080][  0]Cmd: MAP LOAD FILE="E:/Unreal/MetaverseF/Content/Metaverse/Maps/PlayGroundLevel.umap" TEMPLATE=0 SHOWPROGRESS=1 FEATURELEVEL=3
[2022.05.09-00.12.53:193][  0]LightingResults: New page: 라이팅 빌드
[2022.05.09-00.12.53:194][  0]LogWorld: UWorld::CleanupWorld for Untitled, bSessionEnded=true, bCleanupResources=true
[2022.05.09-00.12.53:194][  0]LogSlate: InvalidateAllWidgets triggered.  All widgets were invalidated
[2022.05.09-00.12.53:194][  0]MapCheck: New page: 맵 체크
[2022.05.09-00.12.53:194][  0]LightingResults: New page: 라이팅 빌드
[2022.05.09-00.12.53:199][  0]LogAudio: Display: Audio Device unregistered from world 'None'.
[2022.05.09-00.12.53:203][  0]LogUObjectHash: Compacting FUObjectHashTables data took   0.77ms
[2022.05.09-00.12.55:236][  0]LogLinker: Warning: [AssetLog] E:\Unreal\MetaverseF\Content\Metaverse\MiniMap\MI_MiniMap.uasset: '{FileName}': 파일을 찾을 수 없습니다. 로드에 실패했습니다.
[2022.05.09-00.12.55:236][  0]LogLinker: Warning: [AssetLog] E:\Unreal\MetaverseF\Content\Metaverse\MiniMap\MI_MiniMap.uasset: '{FileName}': 에셋에 대한 파일을 찾을 수 없습니다. 로드에 실패했습니다.
[2022.05.09-00.12.55:236][  0]LogLinker: Warning: [AssetLog] E:\Unreal\MetaverseF\Content\Metaverse\MiniMap\MI_MiniMap.uasset: '{FileName}': 에셋에 대한 파일을 찾을 수 없습니다. 로드에 실패했습니다.
[2022.05.09-00.12.56:297][  0]LogLinker: Warning: Asset 'E:/Unreal/MetaverseF/Content/Metaverse/GameModes/GM_MetaverseGamemode.uasset' has been saved with empty engine version. The asset will be loaded but may be incompatible.
[2022.05.09-00.12.56:964][  0]LogLinker: Warning: [AssetLog] E:\Unreal\MetaverseF\Content\Metaverse\MiniMap\MI_MiniMap.uasset: '{FileName}': 에셋에 대한 파일을 찾을 수 없습니다. 로드에 실패했습니다.
[2022.05.09-00.12.56:964][  0]LoadErrors: 로드에 실패했습니다. /Game/Metaverse/MiniMap/unreal-engine1.unreal-engine1 참조한 것: MI_MiniMap
[2022.05.09-00.12.57:812][  0]LogAudio: Display: Audio Device (ID: 1) registered with world 'PlayGroundLevel'.
[2022.05.09-00.12.57:812][  0]LogAIModule: Creating AISystem for world PlayGroundLevel
[2022.05.09-00.12.58:437][  0]LogEditorServer: Finished looking for orphan Actors (0.000 secs)
[2022.05.09-00.12.58:460][  0]LogUObjectHash: Compacting FUObjectHashTables data took   1.21ms
[2022.05.09-00.12.58:461][  0]Cmd: MAP CHECKDEP NOCLEARLOG
[2022.05.09-00.12.58:462][  0]MapCheck: 맵 체크 완료: 오류 0 회, 경고 0 회, 소요 시간 0.357ms.
[2022.05.09-00.12.58:462][  0]LogFileHelpers: Loading map 'PlayGroundLevel' took 5.382
[2022.05.09-00.12.58:502][  0]LogUnrealEdMisc: Total Editor Startup Time, took 24.053
[2022.05.09-00.12.58:676][  0]LogSlate: Updating window title bar state: overlay mode, drag disabled, window buttons hidden, title bar hidden
[2022.05.09-00.12.58:682][  0]LogSlate: Updating window title bar state: overlay mode, drag disabled, window buttons hidden, title bar hidden
[2022.05.09-00.12.58:687][  0]LogSlate: Updating window title bar state: overlay mode, drag disabled, window buttons hidden, title bar hidden
[2022.05.09-00.12.58:692][  0]LogSlate: Updating window title bar state: overlay mode, drag disabled, window buttons hidden, title bar hidden
[2022.05.09-00.12.58:732][  0]LogNativeClassHierarchy: Verbose: Native class hierarchy populated in 0.0086 seconds. Added 3824 classes and 930 folders.
[2022.05.09-00.12.58:738][  0]LogNativeClassHierarchy: Verbose: Native class hierarchy updated for 'WidgetCarousel' in 0.0003 seconds. Added 0 classes and 0 folders.
[2022.05.09-00.12.58:751][  0]LogPakFile: PakFile PrimaryIndexSize=187
[2022.05.09-00.12.58:751][  0]LogPakFile: PakFile PathHashIndexSize=101
[2022.05.09-00.12.58:751][  0]LogPakFile: PakFile FullDirectoryIndexSize=148
[2022.05.09-00.12.58:751][  0]LogShaderLibrary: Display: ShaderCodeLibraryPakFileMountedCallback: PakFile 'C:/Program Files/Epic Games/UE_4.27/FeaturePacks/FP_FirstPerson.upack' (chunk index -1, root 'root:/') mounted
[2022.05.09-00.12.58:751][  0]LogShaderLibrary: Display: ShaderCodeLibraryPakFileMountedCallback: pending pak file info (ChunkID:-1 Root:root:/ File:C:/Program Files/Epic Games/UE_4.27/FeaturePacks/FP_FirstPerson.upack)
[2022.05.09-00.12.58:751][  0]LogPakFile: OnPakFileMounted2Time == 0.000262
[2022.05.09-00.12.58:758][  0]LogPakFile: PakFile PrimaryIndexSize=189
[2022.05.09-00.12.58:758][  0]LogPakFile: PakFile PathHashIndexSize=101
[2022.05.09-00.12.58:758][  0]LogPakFile: PakFile FullDirectoryIndexSize=152
[2022.05.09-00.12.58:758][  0]LogShaderLibrary: Display: ShaderCodeLibraryPakFileMountedCallback: PakFile 'C:/Program Files/Epic Games/UE_4.27/FeaturePacks/FP_FirstPersonBP.upack' (chunk index -1, root 'root:/') mounted
[2022.05.09-00.12.58:758][  0]LogShaderLibrary: Display: ShaderCodeLibraryPakFileMountedCallback: pending pak file info (ChunkID:-1 Root:root:/ File:C:/Program Files/Epic Games/UE_4.27/FeaturePacks/FP_FirstPersonBP.upack)
[2022.05.09-00.12.58:758][  0]LogPakFile: OnPakFileMounted2Time == 0.000041
[2022.05.09-00.12.58:763][  0]LogPakFile: PakFile PrimaryIndexSize=191
[2022.05.09-00.12.58:763][  0]LogPakFile: PakFile PathHashIndexSize=101
[2022.05.09-00.12.58:763][  0]LogPakFile: PakFile FullDirectoryIndexSize=160
[2022.05.09-00.12.58:763][  0]LogShaderLibrary: Display: ShaderCodeLibraryPakFileMountedCallback: PakFile 'C:/Program Files/Epic Games/UE_4.27/FeaturePacks/MobileStarterContent.upack' (chunk index -1, root 'root:/') mounted
[2022.05.09-00.12.58:763][  0]LogShaderLibrary: Display: ShaderCodeLibraryPakFileMountedCallback: pending pak file info (ChunkID:-1 Root:root:/ File:C:/Program Files/Epic Games/UE_4.27/FeaturePacks/MobileStarterContent.upack)
[2022.05.09-00.12.58:763][  0]LogPakFile: OnPakFileMounted2Time == 0.000037
[2022.05.09-00.12.58:768][  0]LogPakFile: PakFile PrimaryIndexSize=185
[2022.05.09-00.12.58:768][  0]LogPakFile: PakFile PathHashIndexSize=101
[2022.05.09-00.12.58:768][  0]LogPakFile: PakFile FullDirectoryIndexSize=148
[2022.05.09-00.12.58:769][  0]LogShaderLibrary: Display: ShaderCodeLibraryPakFileMountedCallback: PakFile 'C:/Program Files/Epic Games/UE_4.27/FeaturePacks/StarterContent.upack' (chunk index -1, root 'root:/') mounted
[2022.05.09-00.12.58:769][  0]LogShaderLibrary: Display: ShaderCodeLibraryPakFileMountedCallback: pending pak file info (ChunkID:-1 Root:root:/ File:C:/Program Files/Epic Games/UE_4.27/FeaturePacks/StarterContent.upack)
[2022.05.09-00.12.58:769][  0]LogPakFile: OnPakFileMounted2Time == 0.000047
[2022.05.09-00.12.58:774][  0]LogPakFile: PakFile PrimaryIndexSize=190
[2022.05.09-00.12.58:774][  0]LogPakFile: PakFile PathHashIndexSize=101
[2022.05.09-00.12.58:774][  0]LogPakFile: PakFile FullDirectoryIndexSize=154
[2022.05.09-00.12.58:774][  0]LogShaderLibrary: Display: ShaderCodeLibraryPakFileMountedCallback: PakFile 'C:/Program Files/Epic Games/UE_4.27/FeaturePacks/TP_2DSideScroller.upack' (chunk index -1, root 'root:/') mounted
[2022.05.09-00.12.58:774][  0]LogShaderLibrary: Display: ShaderCodeLibraryPakFileMountedCallback: pending pak file info (ChunkID:-1 Root:root:/ File:C:/Program Files/Epic Games/UE_4.27/FeaturePacks/TP_2DSideScroller.upack)
[2022.05.09-00.12.58:774][  0]LogPakFile: OnPakFileMounted2Time == 0.000037
[2022.05.09-00.12.58:778][  0]LogPakFile: PakFile PrimaryIndexSize=192
[2022.05.09-00.12.58:778][  0]LogPakFile: PakFile PathHashIndexSize=101
[2022.05.09-00.12.58:778][  0]LogPakFile: PakFile FullDirectoryIndexSize=158
[2022.05.09-00.12.58:778][  0]LogShaderLibrary: Display: ShaderCodeLibraryPakFileMountedCallback: PakFile 'C:/Program Files/Epic Games/UE_4.27/FeaturePacks/TP_2DSideScrollerBP.upack' (chunk index -1, root 'root:/') mounted
[2022.05.09-00.12.58:778][  0]LogShaderLibrary: Display: ShaderCodeLibraryPakFileMountedCallback: pending pak file info (ChunkID:-1 Root:root:/ File:C:/Program Files/Epic Games/UE_4.27/FeaturePacks/TP_2DSideScrollerBP.upack)
[2022.05.09-00.12.58:778][  0]LogPakFile: OnPakFileMounted2Time == 0.000035
[2022.05.09-00.12.58:783][  0]LogPakFile: PakFile PrimaryIndexSize=182
[2022.05.09-00.12.58:783][  0]LogPakFile: PakFile PathHashIndexSize=101
[2022.05.09-00.12.58:783][  0]LogPakFile: PakFile FullDirectoryIndexSize=138
[2022.05.09-00.12.58:783][  0]LogShaderLibrary: Display: ShaderCodeLibraryPakFileMountedCallback: PakFile 'C:/Program Files/Epic Games/UE_4.27/FeaturePacks/TP_Flying.upack' (chunk index -1, root 'root:/') mounted
[2022.05.09-00.12.58:783][  0]LogShaderLibrary: Display: ShaderCodeLibraryPakFileMountedCallback: pending pak file info (ChunkID:-1 Root:root:/ File:C:/Program Files/Epic Games/UE_4.27/FeaturePacks/TP_Flying.upack)
[2022.05.09-00.12.58:783][  0]LogPakFile: OnPakFileMounted2Time == 0.000040
[2022.05.09-00.12.58:789][  0]LogPakFile: PakFile PrimaryIndexSize=184
[2022.05.09-00.12.58:789][  0]LogPakFile: PakFile PathHashIndexSize=101
[2022.05.09-00.12.58:789][  0]LogPakFile: PakFile FullDirectoryIndexSize=142
[2022.05.09-00.12.58:789][  0]LogShaderLibrary: Display: ShaderCodeLibraryPakFileMountedCallback: PakFile 'C:/Program Files/Epic Games/UE_4.27/FeaturePacks/TP_FlyingBP.upack' (chunk index -1, root 'root:/') mounted
[2022.05.09-00.12.58:789][  0]LogShaderLibrary: Display: ShaderCodeLibraryPakFileMountedCallback: pending pak file info (ChunkID:-1 Root:root:/ File:C:/Program Files/Epic Games/UE_4.27/FeaturePacks/TP_FlyingBP.upack)
[2022.05.09-00.12.58:789][  0]LogPakFile: OnPakFileMounted2Time == 0.000034
[2022.05.09-00.12.58:794][  0]LogPakFile: PakFile PrimaryIndexSize=188
[2022.05.09-00.12.58:794][  0]LogPakFile: PakFile PathHashIndexSize=101
[2022.05.09-00.12.58:794][  0]LogPakFile: PakFile FullDirectoryIndexSize=150
[2022.05.09-00.12.58:794][  0]LogShaderLibrary: Display: ShaderCodeLibraryPakFileMountedCallback: PakFile 'C:/Program Files/Epic Games/UE_4.27/FeaturePacks/TP_HandheldARBP.upack' (chunk index -1, root 'root:/') mounted
[2022.05.09-00.12.58:794][  0]LogShaderLibrary: Display: ShaderCodeLibraryPakFileMountedCallback: pending pak file info (ChunkID:-1 Root:root:/ File:C:/Program Files/Epic Games/UE_4.27/FeaturePacks/TP_HandheldARBP.upack)
[2022.05.09-00.12.58:794][  0]LogPakFile: OnPakFileMounted2Time == 0.000035
[2022.05.09-00.12.58:801][  0]LogPakFile: PakFile PrimaryIndexSize=182
[2022.05.09-00.12.58:801][  0]LogPakFile: PakFile PathHashIndexSize=101
[2022.05.09-00.12.58:801][  0]LogPakFile: PakFile FullDirectoryIndexSize=138
[2022.05.09-00.12.58:801][  0]LogShaderLibrary: Display: ShaderCodeLibraryPakFileMountedCallback: PakFile 'C:/Program Files/Epic Games/UE_4.27/FeaturePacks/TP_Puzzle.upack' (chunk index -1, root 'root:/') mounted
[2022.05.09-00.12.58:801][  0]LogShaderLibrary: Display: ShaderCodeLibraryPakFileMountedCallback: pending pak file info (ChunkID:-1 Root:root:/ File:C:/Program Files/Epic Games/UE_4.27/FeaturePacks/TP_Puzzle.upack)
[2022.05.09-00.12.58:801][  0]LogPakFile: OnPakFileMounted2Time == 0.000035
[2022.05.09-00.12.58:805][  0]LogPakFile: PakFile PrimaryIndexSize=184
[2022.05.09-00.12.58:805][  0]LogPakFile: PakFile PathHashIndexSize=101
[2022.05.09-00.12.58:805][  0]LogPakFile: PakFile FullDirectoryIndexSize=142
[2022.05.09-00.12.58:805][  0]LogShaderLibrary: Display: ShaderCodeLibraryPakFileMountedCallback: PakFile 'C:/Program Files/Epic Games/UE_4.27/FeaturePacks/TP_PuzzleBP.upack' (chunk index -1, root 'root:/') mounted
[2022.05.09-00.12.58:805][  0]LogShaderLibrary: Display: ShaderCodeLibraryPakFileMountedCallback: pending pak file info (ChunkID:-1 Root:root:/ File:C:/Program Files/Epic Games/UE_4.27/FeaturePacks/TP_PuzzleBP.upack)
[2022.05.09-00.12.58:805][  0]LogPakFile: OnPakFileMounted2Time == 0.000036
[2022.05.09-00.12.58:810][  0]LogPakFile: PakFile PrimaryIndexSize=183
[2022.05.09-00.12.58:810][  0]LogPakFile: PakFile PathHashIndexSize=101
[2022.05.09-00.12.58:810][  0]LogPakFile: PakFile FullDirectoryIndexSize=140
[2022.05.09-00.12.58:811][  0]LogShaderLibrary: Display: ShaderCodeLibraryPakFileMountedCallback: PakFile 'C:/Program Files/Epic Games/UE_4.27/FeaturePacks/TP_Rolling.upack' (chunk index -1, root 'root:/') mounted
[2022.05.09-00.12.58:811][  0]LogShaderLibrary: Display: ShaderCodeLibraryPakFileMountedCallback: pending pak file info (ChunkID:-1 Root:root:/ File:C:/Program Files/Epic Games/UE_4.27/FeaturePacks/TP_Rolling.upack)
[2022.05.09-00.12.58:811][  0]LogPakFile: OnPakFileMounted2Time == 0.000035
[2022.05.09-00.12.58:815][  0]LogPakFile: PakFile PrimaryIndexSize=185
[2022.05.09-00.12.58:815][  0]LogPakFile: PakFile PathHashIndexSize=101
[2022.05.09-00.12.58:815][  0]LogPakFile: PakFile FullDirectoryIndexSize=144
[2022.05.09-00.12.58:815][  0]LogShaderLibrary: Display: ShaderCodeLibraryPakFileMountedCallback: PakFile 'C:/Program Files/Epic Games/UE_4.27/FeaturePacks/TP_RollingBP.upack' (chunk index -1, root 'root:/') mounted
[2022.05.09-00.12.58:815][  0]LogShaderLibrary: Display: ShaderCodeLibraryPakFileMountedCallback: pending pak file info (ChunkID:-1 Root:root:/ File:C:/Program Files/Epic Games/UE_4.27/FeaturePacks/TP_RollingBP.upack)
[2022.05.09-00.12.58:815][  0]LogPakFile: OnPakFileMounted2Time == 0.000037
[2022.05.09-00.12.58:820][  0]LogPakFile: PakFile PrimaryIndexSize=188
[2022.05.09-00.12.58:820][  0]LogPakFile: PakFile PathHashIndexSize=101
[2022.05.09-00.12.58:820][  0]LogPakFile: PakFile FullDirectoryIndexSize=150
[2022.05.09-00.12.58:820][  0]LogShaderLibrary: Display: ShaderCodeLibraryPakFileMountedCallback: PakFile 'C:/Program Files/Epic Games/UE_4.27/FeaturePacks/TP_SideScroller.upack' (chunk index -1, root 'root:/') mounted
[2022.05.09-00.12.58:820][  0]LogShaderLibrary: Display: ShaderCodeLibraryPakFileMountedCallback: pending pak file info (ChunkID:-1 Root:root:/ File:C:/Program Files/Epic Games/UE_4.27/FeaturePacks/TP_SideScroller.upack)
[2022.05.09-00.12.58:820][  0]LogPakFile: OnPakFileMounted2Time == 0.000036
[2022.05.09-00.12.58:824][  0]LogPakFile: PakFile PrimaryIndexSize=190
[2022.05.09-00.12.58:824][  0]LogPakFile: PakFile PathHashIndexSize=101
[2022.05.09-00.12.58:824][  0]LogPakFile: PakFile FullDirectoryIndexSize=154
[2022.05.09-00.12.58:824][  0]LogShaderLibrary: Display: ShaderCodeLibraryPakFileMountedCallback: PakFile 'C:/Program Files/Epic Games/UE_4.27/FeaturePacks/TP_SideScrollerBP.upack' (chunk index -1, root 'root:/') mounted
[2022.05.09-00.12.58:824][  0]LogShaderLibrary: Display: ShaderCodeLibraryPakFileMountedCallback: pending pak file info (ChunkID:-1 Root:root:/ File:C:/Program Files/Epic Games/UE_4.27/FeaturePacks/TP_SideScrollerBP.upack)
[2022.05.09-00.12.58:825][  0]LogPakFile: OnPakFileMounted2Time == 0.000044
[2022.05.09-00.12.58:830][  0]LogPakFile: PakFile PrimaryIndexSize=187
[2022.05.09-00.12.58:830][  0]LogPakFile: PakFile PathHashIndexSize=101
[2022.05.09-00.12.58:830][  0]LogPakFile: PakFile FullDirectoryIndexSize=148
[2022.05.09-00.12.58:830][  0]LogShaderLibrary: Display: ShaderCodeLibraryPakFileMountedCallback: PakFile 'C:/Program Files/Epic Games/UE_4.27/FeaturePacks/TP_ThirdPerson.upack' (chunk index -1, root 'root:/') mounted
[2022.05.09-00.12.58:830][  0]LogShaderLibrary: Display: ShaderCodeLibraryPakFileMountedCallback: pending pak file info (ChunkID:-1 Root:root:/ File:C:/Program Files/Epic Games/UE_4.27/FeaturePacks/TP_ThirdPerson.upack)
[2022.05.09-00.12.58:830][  0]LogPakFile: OnPakFileMounted2Time == 0.000034
[2022.05.09-00.12.58:836][  0]LogPakFile: PakFile PrimaryIndexSize=189
[2022.05.09-00.12.58:836][  0]LogPakFile: PakFile PathHashIndexSize=101
[2022.05.09-00.12.58:836][  0]LogPakFile: PakFile FullDirectoryIndexSize=152
[2022.05.09-00.12.58:836][  0]LogShaderLibrary: Display: ShaderCodeLibraryPakFileMountedCallback: PakFile 'C:/Program Files/Epic Games/UE_4.27/FeaturePacks/TP_ThirdPersonBP.upack' (chunk index -1, root 'root:/') mounted
[2022.05.09-00.12.58:836][  0]LogShaderLibrary: Display: ShaderCodeLibraryPakFileMountedCallback: pending pak file info (ChunkID:-1 Root:root:/ File:C:/Program Files/Epic Games/UE_4.27/FeaturePacks/TP_ThirdPersonBP.upack)
[2022.05.09-00.12.58:836][  0]LogPakFile: OnPakFileMounted2Time == 0.000036
[2022.05.09-00.12.58:841][  0]LogPakFile: PakFile PrimaryIndexSize=183
[2022.05.09-00.12.58:841][  0]LogPakFile: PakFile PathHashIndexSize=101
[2022.05.09-00.12.58:841][  0]LogPakFile: PakFile FullDirectoryIndexSize=140
[2022.05.09-00.12.58:841][  0]LogShaderLibrary: Display: ShaderCodeLibraryPakFileMountedCallback: PakFile 'C:/Program Files/Epic Games/UE_4.27/FeaturePacks/TP_TopDown.upack' (chunk index -1, root 'root:/') mounted
[2022.05.09-00.12.58:841][  0]LogShaderLibrary: Display: ShaderCodeLibraryPakFileMountedCallback: pending pak file info (ChunkID:-1 Root:root:/ File:C:/Program Files/Epic Games/UE_4.27/FeaturePacks/TP_TopDown.upack)
[2022.05.09-00.12.58:841][  0]LogPakFile: OnPakFileMounted2Time == 0.000048
[2022.05.09-00.12.58:845][  0]LogPakFile: PakFile PrimaryIndexSize=185
[2022.05.09-00.12.58:845][  0]LogPakFile: PakFile PathHashIndexSize=101
[2022.05.09-00.12.58:846][  0]LogPakFile: PakFile FullDirectoryIndexSize=144
[2022.05.09-00.12.58:846][  0]LogShaderLibrary: Display: ShaderCodeLibraryPakFileMountedCallback: PakFile 'C:/Program Files/Epic Games/UE_4.27/FeaturePacks/TP_TopDownBP.upack' (chunk index -1, root 'root:/') mounted
[2022.05.09-00.12.58:846][  0]LogShaderLibrary: Display: ShaderCodeLibraryPakFileMountedCallback: pending pak file info (ChunkID:-1 Root:root:/ File:C:/Program Files/Epic Games/UE_4.27/FeaturePacks/TP_TopDownBP.upack)
[2022.05.09-00.12.58:846][  0]LogPakFile: OnPakFileMounted2Time == 0.000035
[2022.05.09-00.12.58:853][  0]LogPakFile: PakFile PrimaryIndexSize=185
[2022.05.09-00.12.58:853][  0]LogPakFile: PakFile PathHashIndexSize=101
[2022.05.09-00.12.58:853][  0]LogPakFile: PakFile FullDirectoryIndexSize=144
[2022.05.09-00.12.58:854][  0]LogShaderLibrary: Display: ShaderCodeLibraryPakFileMountedCallback: PakFile 'C:/Program Files/Epic Games/UE_4.27/FeaturePacks/TP_TwinStick.upack' (chunk index -1, root 'root:/') mounted
[2022.05.09-00.12.58:854][  0]LogShaderLibrary: Display: ShaderCodeLibraryPakFileMountedCallback: pending pak file info (ChunkID:-1 Root:root:/ File:C:/Program Files/Epic Games/UE_4.27/FeaturePacks/TP_TwinStick.upack)
[2022.05.09-00.12.58:854][  0]LogPakFile: OnPakFileMounted2Time == 0.000037
[2022.05.09-00.12.58:858][  0]LogPakFile: PakFile PrimaryIndexSize=187
[2022.05.09-00.12.58:858][  0]LogPakFile: PakFile PathHashIndexSize=101
[2022.05.09-00.12.58:858][  0]LogPakFile: PakFile FullDirectoryIndexSize=148
[2022.05.09-00.12.58:858][  0]LogShaderLibrary: Display: ShaderCodeLibraryPakFileMountedCallback: PakFile 'C:/Program Files/Epic Games/UE_4.27/FeaturePacks/TP_TwinStickBP.upack' (chunk index -1, root 'root:/') mounted
[2022.05.09-00.12.58:858][  0]LogShaderLibrary: Display: ShaderCodeLibraryPakFileMountedCallback: pending pak file info (ChunkID:-1 Root:root:/ File:C:/Program Files/Epic Games/UE_4.27/FeaturePacks/TP_TwinStickBP.upack)
[2022.05.09-00.12.58:858][  0]LogPakFile: OnPakFileMounted2Time == 0.000035
[2022.05.09-00.12.58:863][  0]LogPakFile: PakFile PrimaryIndexSize=183
[2022.05.09-00.12.58:863][  0]LogPakFile: PakFile PathHashIndexSize=101
[2022.05.09-00.12.58:863][  0]LogPakFile: PakFile FullDirectoryIndexSize=140
[2022.05.09-00.12.58:863][  0]LogShaderLibrary: Display: ShaderCodeLibraryPakFileMountedCallback: PakFile 'C:/Program Files/Epic Games/UE_4.27/FeaturePacks/TP_Vehicle.upack' (chunk index -1, root 'root:/') mounted
[2022.05.09-00.12.58:863][  0]LogShaderLibrary: Display: ShaderCodeLibraryPakFileMountedCallback: pending pak file info (ChunkID:-1 Root:root:/ File:C:/Program Files/Epic Games/UE_4.27/FeaturePacks/TP_Vehicle.upack)
[2022.05.09-00.12.58:863][  0]LogPakFile: OnPakFileMounted2Time == 0.000035
[2022.05.09-00.12.58:868][  0]LogPakFile: PakFile PrimaryIndexSize=186
[2022.05.09-00.12.58:868][  0]LogPakFile: PakFile PathHashIndexSize=101
[2022.05.09-00.12.58:868][  0]LogPakFile: PakFile FullDirectoryIndexSize=146
[2022.05.09-00.12.58:868][  0]LogShaderLibrary: Display: ShaderCodeLibraryPakFileMountedCallback: PakFile 'C:/Program Files/Epic Games/UE_4.27/FeaturePacks/TP_VehicleAdv.upack' (chunk index -1, root 'root:/') mounted
[2022.05.09-00.12.58:868][  0]LogShaderLibrary: Display: ShaderCodeLibraryPakFileMountedCallback: pending pak file info (ChunkID:-1 Root:root:/ File:C:/Program Files/Epic Games/UE_4.27/FeaturePacks/TP_VehicleAdv.upack)
[2022.05.09-00.12.58:868][  0]LogPakFile: OnPakFileMounted2Time == 0.000037
[2022.05.09-00.12.58:874][  0]LogPakFile: PakFile PrimaryIndexSize=188
[2022.05.09-00.12.58:874][  0]LogPakFile: PakFile PathHashIndexSize=101
[2022.05.09-00.12.58:874][  0]LogPakFile: PakFile FullDirectoryIndexSize=150
[2022.05.09-00.12.58:874][  0]LogShaderLibrary: Display: ShaderCodeLibraryPakFileMountedCallback: PakFile 'C:/Program Files/Epic Games/UE_4.27/FeaturePacks/TP_VehicleAdvBP.upack' (chunk index -1, root 'root:/') mounted
[2022.05.09-00.12.58:874][  0]LogShaderLibrary: Display: ShaderCodeLibraryPakFileMountedCallback: pending pak file info (ChunkID:-1 Root:root:/ File:C:/Program Files/Epic Games/UE_4.27/FeaturePacks/TP_VehicleAdvBP.upack)
[2022.05.09-00.12.58:874][  0]LogPakFile: OnPakFileMounted2Time == 0.000036
[2022.05.09-00.12.58:879][  0]LogPakFile: PakFile PrimaryIndexSize=185
[2022.05.09-00.12.58:879][  0]LogPakFile: PakFile PathHashIndexSize=101
[2022.05.09-00.12.58:879][  0]LogPakFile: PakFile FullDirectoryIndexSize=144
[2022.05.09-00.12.58:879][  0]LogShaderLibrary: Display: ShaderCodeLibraryPakFileMountedCallback: PakFile 'C:/Program Files/Epic Games/UE_4.27/FeaturePacks/TP_VehicleBP.upack' (chunk index -1, root 'root:/') mounted
[2022.05.09-00.12.58:879][  0]LogShaderLibrary: Display: ShaderCodeLibraryPakFileMountedCallback: pending pak file info (ChunkID:-1 Root:root:/ File:C:/Program Files/Epic Games/UE_4.27/FeaturePacks/TP_VehicleBP.upack)
[2022.05.09-00.12.58:879][  0]LogPakFile: OnPakFileMounted2Time == 0.000036
[2022.05.09-00.12.58:884][  0]LogPakFile: PakFile PrimaryIndexSize=192
[2022.05.09-00.12.58:885][  0]LogPakFile: PakFile PathHashIndexSize=101
[2022.05.09-00.12.58:885][  0]LogPakFile: PakFile FullDirectoryIndexSize=158
[2022.05.09-00.12.58:885][  0]LogShaderLibrary: Display: ShaderCodeLibraryPakFileMountedCallback: PakFile 'C:/Program Files/Epic Games/UE_4.27/FeaturePacks/TP_VirtualRealityBP.upack' (chunk index -1, root 'root:/') mounted
[2022.05.09-00.12.58:885][  0]LogShaderLibrary: Display: ShaderCodeLibraryPakFileMountedCallback: pending pak file info (ChunkID:-1 Root:root:/ File:C:/Program Files/Epic Games/UE_4.27/FeaturePacks/TP_VirtualRealityBP.upack)
[2022.05.09-00.12.58:885][  0]LogPakFile: OnPakFileMounted2Time == 0.000037
[2022.05.09-00.12.59:109][  0]LogNativeClassHierarchy: Verbose: Native class hierarchy updated for 'AddContentDialog' in 0.0003 seconds. Added 0 classes and 0 folders.
[2022.05.09-00.12.59:115][  0]LogNativeClassHierarchy: Verbose: Native class hierarchy updated for 'SceneOutliner' in 0.0002 seconds. Added 2 classes and 0 folders.
[2022.05.09-00.12.59:256][  0]LogSlate: Took 0.007500 seconds to synchronously load lazily loaded font '../../../Engine/Content/Slate/Fonts/Roboto-Regular.ttf' (155K)
[2022.05.09-00.12.59:263][  0]LogSlate: Took 0.005530 seconds to synchronously load lazily loaded font '../../../Engine/Content/Editor/Slate/Fonts/FontAwesome.ttf' (139K)
[2022.05.09-00.12.59:276][  0]LogSlate: Took 0.012509 seconds to synchronously load lazily loaded font '../../../Engine/Content/Editor/Slate/Fonts/NanumGothic.ttf' (4243K)
[2022.05.09-00.12.59:286][  0]LogSlate: Took 0.009796 seconds to synchronously load lazily loaded font '../../../Engine/Content/Editor/Slate/Fonts/NanumGothicBold.ttf' (4188K)
[2022.05.09-00.12.59:290][  0]LogSlate: Took 0.003672 seconds to synchronously load lazily loaded font '../../../Engine/Content/Slate/Fonts/Roboto-Bold.ttf' (160K)
[2022.05.09-00.12.59:488][  0]LogRenderer: Reallocating scene render targets to support 964x432 Format 10 NumSamples 1 (Frame:1).
[2022.05.09-00.12.59:562][  0]LogSlate: Took 0.004846 seconds to synchronously load lazily loaded font '../../../Engine/Content/Slate/Fonts/Roboto-Light.ttf' (167K)
[2022.05.09-00.12.59:645][  0]LogNativeClassHierarchy: Verbose: Native class hierarchy updated for 'HierarchicalLODOutliner' in 0.0003 seconds. Added 0 classes and 0 folders.
[2022.05.09-00.12.59:645][  0]LogInput: Warning: Action Jump uses invalid key OculusGo_Left_Trigger_Click.
[2022.05.09-00.12.59:645][  0]LogInput: Warning: Action ResetVR uses invalid key OculusGo_Left_Trackpad_Click.
[2022.05.09-00.12.59:645][  0]LogInput: Warning: Use -RemoveInvalidKeys to remove instances of these keys from the action mapping.
[2022.05.09-00.12.59:645][  0]LogLoad: (Engine Initialization) Total time: 25.19 seconds
[2022.05.09-00.12.59:645][  0]LogLoad: (Engine Initialization) Total Blueprint compile time: 0.00 seconds
[2022.05.09-00.12.59:661][  0]LogEditorSessionSummary: Verbose: Initializing EditorSessionSummaryWriter for editor session tracking
[2022.05.09-00.12.59:662][  0]LogEditorSessionSummary: EditorSessionSummaryWriter initialized
[2022.05.09-00.12.59:695][  0]LogAssetRegistry: Asset discovery search completed in 17.4662 seconds
[2022.05.09-00.12.59:719][  0]LogCollectionManager: Fixed up redirectors for 0 collections in 0.000004 seconds (updated 0 objects)
[2022.05.09-00.12.59:730][  0]LogContentStreaming: Texture pool size now 1000 MB
[2022.05.09-00.12.59:875][  0]LogSlate: Took 0.005638 seconds to synchronously load lazily loaded font '../../../Engine/Content/Slate/Fonts/DroidSansMono.ttf' (77K)
[2022.05.09-00.12.59:884][  0]LogSlate: Took 0.008923 seconds to synchronously load lazily loaded font '../../../Engine/Content/Editor/Slate/Fonts/NanumGothicExtraBold.ttf' (4074K)
[2022.05.09-00.13.05:053][410]LogSlate: Window '메시지 로그' being destroyed
[2022.05.09-00.13.50:889][452]LogHttp: Warning: 000002A1A7424F00: invalid HTTP response code received. URL: https://datarouter.ol.epicgames.com/datarouter/api/v1/public/data?SessionID=%7BC40697CE-4D48-D599-02B0-979F3498B591%7D&AppID=UEEditor.Rocket.Release&AppVersion=4.27.2-18319896%2B%2B%2BUE4%2BRelease-4.27&UserID=18fd6822412739e53fea248e3d17d441%7C03a9c08b548f42aa8d17403035daa119%7C479731e5-8a60-4099-9607-ab73d23068cf&AppEnvironment=datacollector-binary&UploadType=eteventstream, HTTP code: 0, content length: 0, actual payload size: 0
[2022.05.09-00.13.50:890][452]LogHttp: Warning: 000002A1A7424F00: request failed, libcurl error: 6 (Couldn't resolve host name)
[2022.05.09-00.13.50:890][452]LogHttp: Warning: 000002A1A7424F00: libcurl info message cache 0 (Could not resolve host: datarouter.ol.epicgames.com)
[2022.05.09-00.13.50:890][452]LogHttp: Warning: 000002A1A7424F00: libcurl info message cache 1 (Closing connection 0)
[2022.05.09-00.13.50:890][452]LogHttp: Warning: Retry exhausted on https://datarouter.ol.epicgames.com/datarouter/api/v1/public/data?SessionID=%7BC40697CE-4D48-D599-02B0-979F3498B591%7D&AppID=UEEditor.Rocket.Release&AppVersion=4.27.2-18319896%2B%2B%2BUE4%2BRelease-4.27&UserID=18fd6822412739e53fea248e3d17d441%7C03a9c08b548f42aa8d17403035daa119%7C479731e5-8a60-4099-9607-ab73d23068cf&AppEnvironment=datacollector-binary&UploadType=eteventstream
[2022.05.09-00.14.07:944][140]LogEditorViewport: Clicking on Actor (LMB): Landscape (Landscape)
[2022.05.09-00.14.49:611][284]LogSlate: Took 0.008343 seconds to synchronously load lazily loaded font '../../../Engine/Content/Slate/Fonts/Roboto-Italic.ttf' (157K)
